MN|2021-11-04 15:34:14.819172|ExtractDataFromImage|ERR|Data Extraction Error - OpenCV(4.5.4-dev) :-1: error: (-5:Bad argument) in function 'imwrite'
> Overload resolution failed:
>  - img is not a numpy array, neither a scalar
>  - Expected Ptr<cv::UMat> for argument 'img'
. Picking data from mygov
MN|2021-11-04 17:38:22.017039|ExtractDataFromImage|ERR|Data Extraction Error - OpenCV(4.5.4-dev) :-1: error: (-5:Bad argument) in function 'imwrite'
> Overload resolution failed:
>  - img is not a numpy array, neither a scalar
>  - Expected Ptr<cv::UMat> for argument 'img'
. Picking data from mygov
MN|2021-11-04 18:34:33.441880|ExtractDataFromImage|ERR|Data Extraction Error - OpenCV(4.5.4-dev) :-1: error: (-5:Bad argument) in function 'imwrite'
> Overload resolution failed:
>  - img is not a numpy array, neither a scalar
>  - Expected Ptr<cv::UMat> for argument 'img'
. Picking data from mygov
MN|2021-11-04 19:01:35.343680|ExtractDataFromImage|ERR|Data Extraction Error - OpenCV(4.5.4-dev) :-1: error: (-5:Bad argument) in function 'imwrite'
> Overload resolution failed:
>  - img is not a numpy array, neither a scalar
>  - Expected Ptr<cv::UMat> for argument 'img'
. Picking data from mygov
MN|2021-11-04 22:14:21.050207|ExtractDataFromImage|ERR|Data Extraction Error - OpenCV(4.5.4-dev) :-1: error: (-5:Bad argument) in function 'imwrite'
> Overload resolution failed:
>  - img is not a numpy array, neither a scalar
>  - Expected Ptr<cv::UMat> for argument 'img'
. Picking data from mygov
MN|2021-11-05 16:34:12.607905|ExtractDataFromImage|ERR|Data Extraction Error - OpenCV(4.5.4-dev) :-1: error: (-5:Bad argument) in function 'imwrite'
> Overload resolution failed:
>  - img is not a numpy array, neither a scalar
>  - Expected Ptr<cv::UMat> for argument 'img'
. Picking data from mygov
