HR|2022-07-01 07:55:12.549874|GetSource|ERR|File Not Found
HR|2022-07-01 09:55:12.394849|GetSource|ERR|File Not Found
HR|2022-07-01 11:55:14.592264|GetSource|ERR|File Not Found
HR|2022-07-01 19:55:24.758975|GetSource|OK|File Downloaded. Source URL: http://nhmharyana.gov.in/WriteReadData/userfiles/file/CoronaVirus/Daily%20Bulletin%20of%20COVID%2019%20as%20on%2001-07-2022.pdf
HR|2022-07-01 19:55:51.605488|ExtractFromPDF|ERR|Source PDF not present in input
HR|2022-07-01 20:55:22.168832|GetSource|OK|File Downloaded. Source URL: http://nhmharyana.gov.in/WriteReadData/userfiles/file/CoronaVirus/Daily%20Bulletin%20of%20COVID%2019%20as%20on%2001-07-2022.pdf
HR|2022-07-01 20:55:51.973413|ExtractFromPDF|ERR|Source PDF not present in input
HR|2022-07-01 21:55:23.306324|GetSource|OK|File Downloaded. Source URL: http://nhmharyana.gov.in/WriteReadData/userfiles/file/CoronaVirus/Daily%20Bulletin%20of%20COVID%2019%20as%20on%2001-07-2022.pdf
HR|2022-07-01 21:56:08.442596|ExtractFromPDF|ERR|Source PDF not present in input
HR|2022-07-01 22:55:21.139235|GetSource|OK|File Downloaded. Source URL: http://nhmharyana.gov.in/WriteReadData/userfiles/file/CoronaVirus/Daily%20Bulletin%20of%20COVID%2019%20as%20on%2001-07-2022.pdf
HR|2022-07-01 22:55:59.871744|ExtractFromPDF|ERR|Source PDF not present in input
HR|2022-07-01 23:55:21.163269|GetSource|OK|File Downloaded. Source URL: http://nhmharyana.gov.in/WriteReadData/userfiles/file/CoronaVirus/Daily%20Bulletin%20of%20COVID%2019%20as%20on%2001-07-2022.pdf
HR|2022-07-01 23:55:49.963457|ExtractFromPDF|ERR|Source PDF not present in input
HR|2022-07-02 12:22:49.799337|ExtractFromPDF|ERR|Source PDF not present in input
HR|2022-07-02 12:27:59.009145|ExtractFromPDF|ERR|Source PDF not present in input
HR|2022-07-13 23:14:34.270344|ExtractFromPDF|ERR|Source PDF not present in input
HR|2022-07-13 23:19:24.540294|ExtractFromPDF|ERR|Source PDF not present in input
HR|2022-07-16 16:54:50.132799|ExtractFromPDF|OK|COMPLETED
HR|2022-07-18 22:13:14.419632|ExtractFromPDF|ERR|Source PDF not present in input
HR|2022-07-18 22:13:58.690145|ExtractFromPDF|ERR|Source PDF not present in input
HR|2022-07-18 22:19:52.544436|ExtractFromPDF|OK|COMPLETED
HR|2022-07-18 22:24:28.226446|ExtractFromPDF|ERR|Fatal error in main loop
HR|2022-07-18 22:25:26.480025|ExtractFromPDF|ERR|Fatal error in main loop
HR|2022-07-18 22:47:24.283535|ExtractFromPDF|ERR|Fatal error in main loop
HR|2022-07-18 22:50:13.064123|ExtractFromPDF|OK|COMPLETED
