AR|2022-02-05 07:55:27.334470|ExtractDataFromImage|ERR|Source not accessible. Source URL: https://www.twitter.com/DirHealth_ArPr
AR|2022-02-05 09:55:32.653232|ExtractDataFromImage|ERR|Source not accessible. Source URL: https://www.twitter.com/DirHealth_ArPr
AR|2022-02-05 11:55:27.039901|ExtractDataFromImage|ERR|Source not accessible. Source URL: https://www.twitter.com/DirHealth_ArPr
AR|2022-02-05 19:55:28.532115|ExtractDataFromImage|ERR|Source not accessible. Source URL: https://www.twitter.com/DirHealth_ArPr
AR|2022-02-05 20:55:28.892419|ExtractDataFromImage|ERR|Data Extraction Error - 403 This API method requires billing to be enabled. Please enable billing on project #834095608860 by visiting https://console.developers.google.com/billing/enable?project=834095608860 then retry. If you enabled billing for this project recently, wait a few minutes for the action to propagate to our systems and retry. [links {
  description: "Google developers console billing"
  url: "https://console.developers.google.com/billing/enable?project=834095608860"
}
, reason: "BILLING_DISABLED"
domain: "googleapis.com"
metadata {
  key: "consumer"
  value: "projects/834095608860"
}
metadata {
  key: "service"
  value: "vision.googleapis.com"
}
]. Picking data from mygov
AR|2022-02-05 21:55:34.411754|ExtractDataFromImage|ERR|Data Extraction Error - 403 This API method requires billing to be enabled. Please enable billing on project #834095608860 by visiting https://console.developers.google.com/billing/enable?project=834095608860 then retry. If you enabled billing for this project recently, wait a few minutes for the action to propagate to our systems and retry. [links {
  description: "Google developers console billing"
  url: "https://console.developers.google.com/billing/enable?project=834095608860"
}
, reason: "BILLING_DISABLED"
domain: "googleapis.com"
metadata {
  key: "consumer"
  value: "projects/834095608860"
}
metadata {
  key: "service"
  value: "vision.googleapis.com"
}
]. Picking data from mygov
AR|2022-02-05 22:55:31.853923|ExtractDataFromImage|ERR|Data Extraction Error - 403 This API method requires billing to be enabled. Please enable billing on project #834095608860 by visiting https://console.developers.google.com/billing/enable?project=834095608860 then retry. If you enabled billing for this project recently, wait a few minutes for the action to propagate to our systems and retry. [links {
  description: "Google developers console billing"
  url: "https://console.developers.google.com/billing/enable?project=834095608860"
}
, reason: "BILLING_DISABLED"
domain: "googleapis.com"
metadata {
  key: "consumer"
  value: "projects/834095608860"
}
metadata {
  key: "service"
  value: "vision.googleapis.com"
}
]. Picking data from mygov
AR|2022-02-05 23:55:30.569645|ExtractDataFromImage|ERR|Data Extraction Error - 403 This API method requires billing to be enabled. Please enable billing on project #834095608860 by visiting https://console.developers.google.com/billing/enable?project=834095608860 then retry. If you enabled billing for this project recently, wait a few minutes for the action to propagate to our systems and retry. [links {
  description: "Google developers console billing"
  url: "https://console.developers.google.com/billing/enable?project=834095608860"
}
, reason: "BILLING_DISABLED"
domain: "googleapis.com"
metadata {
  key: "consumer"
  value: "projects/834095608860"
}
metadata {
  key: "service"
  value: "vision.googleapis.com"
}
]. Picking data from mygov
AR|2022-02-06 00:18:29.454247|ExtractDataFromImage|ERR|Data Extraction Error - 403 This API method requires billing to be enabled. Please enable billing on project #834095608860 by visiting https://console.developers.google.com/billing/enable?project=834095608860 then retry. If you enabled billing for this project recently, wait a few minutes for the action to propagate to our systems and retry. [links {
  description: "Google developers console billing"
  url: "https://console.developers.google.com/billing/enable?project=834095608860"
}
, reason: "BILLING_DISABLED"
domain: "googleapis.com"
metadata {
  key: "consumer"
  value: "projects/834095608860"
}
metadata {
  key: "service"
  value: "vision.googleapis.com"
}
]. Picking data from mygov
AR|2022-02-06 00:20:23.956840|ExtractDataFromImage|ERR|Data Extraction Error - 403 This API method requires billing to be enabled. Please enable billing on project #834095608860 by visiting https://console.developers.google.com/billing/enable?project=834095608860 then retry. If you enabled billing for this project recently, wait a few minutes for the action to propagate to our systems and retry. [links {
  description: "Google developers console billing"
  url: "https://console.developers.google.com/billing/enable?project=834095608860"
}
, reason: "BILLING_DISABLED"
domain: "googleapis.com"
metadata {
  key: "consumer"
  value: "projects/834095608860"
}
metadata {
  key: "service"
  value: "vision.googleapis.com"
}
]. Picking data from mygov
AR|2022-02-06 08:04:19.432096|ExtractDataFromImage|OK|Data successfully extracted for AR. Single digits present in extracted data deaths column. Needs to be manually verified. Source URL: https://www.twitter.com/DirHealth_ArPr
