PY|2022-02-05 07:55:29.449791|ExtractDataFromImage|ERR|Data Extraction Error - OpenCV(4.5.4-dev) /tmp/pip-req-build-symrv2h1/opencv/modules/imgcodecs/src/loadsave.cpp:974: error: (-215:Assertion failed) !image.empty() in function 'imencode'
. Picking data from mygov
PY|2022-02-05 09:55:34.758001|ExtractDataFromImage|ERR|Data Extraction Error - OpenCV(4.5.4-dev) /tmp/pip-req-build-symrv2h1/opencv/modules/imgcodecs/src/loadsave.cpp:974: error: (-215:Assertion failed) !image.empty() in function 'imencode'
. Picking data from mygov
PY|2022-02-05 11:55:29.282739|ExtractDataFromImage|ERR|Data Extraction Error - OpenCV(4.5.4-dev) /tmp/pip-req-build-symrv2h1/opencv/modules/imgcodecs/src/loadsave.cpp:974: error: (-215:Assertion failed) !image.empty() in function 'imencode'
. Picking data from mygov
PY|2022-02-06 00:18:56.640845|ExtractDataFromImage|ERR|Data Extraction Error - 403 This API method requires billing to be enabled. Please enable billing on project #834095608860 by visiting https://console.developers.google.com/billing/enable?project=834095608860 then retry. If you enabled billing for this project recently, wait a few minutes for the action to propagate to our systems and retry. [links {
  description: "Google developers console billing"
  url: "https://console.developers.google.com/billing/enable?project=834095608860"
}
, reason: "BILLING_DISABLED"
domain: "googleapis.com"
metadata {
  key: "consumer"
  value: "projects/834095608860"
}
metadata {
  key: "service"
  value: "vision.googleapis.com"
}
]. Picking data from mygov
PY|2022-02-06 08:04:56.514291|ExtractDataFromImage|OK|Data successfully extracted for PY. Source URL: https://www.twitter.com/ 
