<<<<<<< Updated upstream
OK|AR|2021-10-28|ExtractDataFromImage|Data successfully extracted for AR. Single digits present in extracted data deaths column. Needs to be manually verified
=======
AR|2021-10-28 22:41:19.193526|ExtractDataFromImage|Source not accessible
AR|2021-10-28 22:48:54.816950|ExtractDataFromImage|Source not accessible
AR|2021-10-28 22:58:48.294102|ExtractDataFromImage|Source not accessible
AR|2021-10-28 23:10:20.137872|ExtractDataFromImage|Source not accessible
AR|2021-10-28 23:12:49.142332|ExtractDataFromImage|Source not accessible
AR|2021-10-28 23:19:59.763796|ExtractDataFromImage|Source not accessible
AR|2021-10-28 23:45:13.275478|ExtractDataFromImage|Source not accessible
AR|2021-10-28 23:48:35.755660|ExtractDataFromImage|Source not accessible
AR|2021-10-28 23:51:10.857772|ExtractDataFromImage|Source not accessible
AR|2021-10-28 23:53:18.517339|ExtractDataFromImage|Source not accessible
AR|2021-10-28 23:53:48.077314|ExtractDataFromImage|Source not accessible
>>>>>>> Stashed changes
AR|2021-10-30 19:29:55.773280|ExtractDataFromImage|OK|Data successfully extracted for AR. Single digits present in extracted data deaths column. Needs to be manually verified
AR|2021-10-30 19:33:53.883388|ExtractDataFromImage|OK|Data successfully extracted for AR. Single digits present in extracted data deaths column. Needs to be manually verified
AR|2021-10-30 19:36:53.674521|ExtractDataFromImage|OK|Data successfully extracted for AR. Single digits present in extracted data deaths column. Needs to be manually verified
AR|2021-10-30 19:38:38.624382|ExtractDataFromImage|OK|Data successfully extracted for AR. Single digits present in extracted data deaths column. Needs to be manually verified
AR|2021-10-30 19:40:39.779902|ExtractDataFromImage|OK|Data successfully extracted for AR. Single digits present in extracted data deaths column. Needs to be manually verified
AR|2021-10-30 17:20:03.854200|ExtractDataFromImage|OK|Data successfully extracted for AR. Single digits present in extracted data deaths column. Needs to be manually verified
AR|2021-10-30 17:21:26.057682|ExtractDataFromImage|OK|Data successfully extracted for AR. Single digits present in extracted data deaths column. Needs to be manually verified
AR|2021-10-30 17:32:42.474778|ExtractDataFromImage|OK|Data successfully extracted for AR. Single digits present in extracted data deaths column. Needs to be manually verified
AR|2021-10-30 17:34:33.605372|ExtractDataFromImage|OK|Data successfully extracted for AR. Single digits present in extracted data deaths column. Needs to be manually verified
AR|2021-10-30 17:36:50.855322|ExtractDataFromImage|OK|Data successfully extracted for AR. Single digits present in extracted data deaths column. Needs to be manually verified
AR|2021-10-30 17:45:30.669704|ExtractDataFromImage|OK|Data successfully extracted for AR. Single digits present in extracted data deaths column. Needs to be manually verified
AR|2021-10-30 17:48:25.357079|ExtractDataFromImage|OK|Data successfully extracted for AR. Single digits present in extracted data deaths column. Needs to be manually verified
AR|2021-10-30 17:49:33.718340|ExtractDataFromImage|OK|Data successfully extracted for AR. Single digits present in extracted data deaths column. Needs to be manually verified
AR|2021-10-30 17:54:39.691492|ExtractDataFromImage|OK|Data successfully extracted for AR. Single digits present in extracted data deaths column. Needs to be manually verified
AR|2021-10-30 17:57:09.900823|ExtractDataFromImage|OK|Data successfully extracted for AR. Single digits present in extracted data deaths column. Needs to be manually verified
AR|2021-10-30 20:16:32.716185|ExtractDataFromImage|OK|Data successfully extracted for AR. Single digits present in extracted data deaths column. Needs to be manually verified
AR|2021-10-30 21:01:58.849160|ExtractDataFromImage|OK|Data successfully extracted for AR. Single digits present in extracted data deaths column. Needs to be manually verified
AR|2021-10-30 21:12:16.735974|ExtractDataFromImage|OK|Data successfully extracted for AR. Single digits present in extracted data deaths column. Needs to be manually verified
AR|2021-10-30 21:15:07.451684|ExtractDataFromImage|OK|Data successfully extracted for AR. Single digits present in extracted data deaths column. Needs to be manually verified
AR|2021-10-30 21:17:38.756476|ExtractDataFromImage|OK|Data successfully extracted for AR. Single digits present in extracted data deaths column. Needs to be manually verified
AR|2021-10-30 21:22:35.454585|ExtractDataFromImage|OK|Data successfully extracted for AR. Single digits present in extracted data deaths column. Needs to be manually verified
AR|2021-10-30 21:28:01.017104|ExtractDataFromImage|OK|Data successfully extracted for AR. Single digits present in extracted data deaths column. Needs to be manually verified
