KL|2021-10-29|GetSource|OK|File Downloaded
KL|2021-10-30 13:52:36.258337|GetSource|OK|File Downloaded
KL|2021-10-30 13:58:25.532687|GetSource|OK|File Downloaded
KL|2021-10-30 14:00:45.404933|GetSource|OK|File Downloaded
KL|2021-10-30 14:04:17.761822|GetSource|OK|File Downloaded fromhttps://dashboard.kerala.gov.in/covid/index.php
KL|2021-10-30 14:10:51.142890|GetSource|OK|File Downloaded fromhttps://dashboard.kerala.gov.in/covid/daily.php
KL|2021-10-30 14:11:11.287305|ExtractFromHTML|OK|COMPLETED
KL|2021-10-30 14:13:01.763287|GetSource|OK|File Downloaded fromhttps://dashboard.kerala.gov.in/covid/daily.php
KL|2021-10-30 14:13:22.393967|ExtractFromHTML|OK|COMPLETED
KL|2021-10-30 14:15:38.316026|GetSource|OK|File Downloaded fromhttps://dashboard.kerala.gov.in/covid/daily.php
KL|2021-10-30 14:16:34.026383|ExtractFromHTML|OK|COMPLETED
KL|2021-10-30 14:19:27.069924|GetSource|OK|File Downloaded fromhttps://dashboard.kerala.gov.in/covid/daily.php
KL|2021-10-30 14:20:22.617947|ExtractFromHTML|OK|COMPLETED
KL|2021-10-30 14:28:31.649612|GetSource|OK|File Downloaded fromhttps://dashboard.kerala.gov.in/covid/daily.php
KL|2021-10-30 14:29:29.197699|ExtractFromHTML|OK|COMPLETED
KL|2021-10-30 14:30:33.334585|GetSource|OK|File Downloaded fromhttps://dashboard.kerala.gov.in/covid/daily.php
KL|2021-10-30 14:31:20.005546|ExtractFromHTML|OK|COMPLETED
KL|2021-10-30 15:37:36.369862|GetSource|OK|File Downloaded fromhttps://dashboard.kerala.gov.in/covid/daily.php
KL|2021-10-30 15:39:26.758556|GetSource|OK|File Downloaded fromhttps://dashboard.kerala.gov.in/covid/daily.php
KL|2021-10-30 15:40:13.361482|ExtractFromHTML|OK|COMPLETED
KL|2021-10-30 16:04:24.272152|GetSource|OK|File Downloaded fromhttps://dashboard.kerala.gov.in/covid/daily.php
KL|2021-10-30 17:50:42.533572|GetSource|OK|File Downloaded fromhttps://dashboard.kerala.gov.in/covid/daily.php
KL|2021-10-30 17:51:16.060852|ExtractFromHTML|OK|COMPLETED
KL|2021-10-30 18:33:12.694222|GetSource|OK|File Downloaded fromhttps://dashboard.kerala.gov.in/covid/daily.php
KL|2021-10-30 18:35:15.666374|GetSource|OK|File Downloaded fromhttps://dashboard.kerala.gov.in/covid/daily.php
KL|2021-10-30 18:36:01.577092|ExtractFromHTML|OK|COMPLETED
KL|2021-10-30 18:40:11.254514|GetSource|OK|File Downloaded fromhttps://dashboard.kerala.gov.in/covid/daily.php
KL|2021-10-30 18:40:57.533020|ExtractFromHTML|OK|COMPLETED
KL|2021-10-30 19:34:01.256337|GetSource|OK|File Downloaded fromhttps://dashboard.kerala.gov.in/covid/daily.php
KL|2021-10-30 19:36:57.521091|GetSource|OK|File Downloaded fromhttps://dashboard.kerala.gov.in/covid/daily.php
KL|2021-10-30 19:38:42.775720|GetSource|OK|File Downloaded fromhttps://dashboard.kerala.gov.in/covid/daily.php
KL|2021-10-30 19:40:43.537013|GetSource|OK|File Downloaded fromhttps://dashboard.kerala.gov.in/covid/daily.php
KL|2021-10-30 17:20:07.017961|GetSource|OK|File Downloaded fromhttps://dashboard.kerala.gov.in/covid/daily.php
KL|2021-10-30 17:21:29.526057|GetSource|OK|File Downloaded fromhttps://dashboard.kerala.gov.in/covid/daily.php
KL|2021-10-30 17:32:45.390703|GetSource|OK|File Downloaded fromhttps://dashboard.kerala.gov.in/covid/daily.php
KL|2021-10-30 17:33:23.826391|ExtractFromHTML|OK|COMPLETED
KL|2021-10-30 17:34:36.437152|GetSource|OK|File Downloaded fromhttps://dashboard.kerala.gov.in/covid/daily.php
KL|2021-10-30 17:35:16.466033|ExtractFromHTML|OK|COMPLETED
KL|2021-10-30 17:36:54.069449|GetSource|OK|File Downloaded fromhttps://dashboard.kerala.gov.in/covid/daily.php
KL|2021-10-30 17:37:31.216739|ExtractFromHTML|OK|COMPLETED
KL|2021-10-30 17:45:44.432449|GetSource|OK|File Downloaded fromhttps://dashboard.kerala.gov.in/covid/daily.php
KL|2021-10-30 17:47:05.235281|ExtractFromHTML|OK|COMPLETED
KL|2021-10-30 17:48:39.461137|GetSource|OK|File Downloaded fromhttps://dashboard.kerala.gov.in/covid/daily.php
KL|2021-10-30 17:49:46.932817|GetSource|OK|File Downloaded fromhttps://dashboard.kerala.gov.in/covid/daily.php
KL|2021-10-30 17:54:42.874118|GetSource|OK|File Downloaded fromhttps://dashboard.kerala.gov.in/covid/daily.php
KL|2021-10-30 17:57:12.609960|GetSource|OK|File Downloaded fromhttps://dashboard.kerala.gov.in/covid/daily.php
KL|2021-10-30 17:57:53.832340|ExtractFromHTML|OK|COMPLETED
KL|2021-10-30 20:17:05.570549|ExtractFromHTML|OK|COMPLETED
KL|2021-10-30 21:28:33.432292|ExtractFromHTML|OK|COMPLETED
