KL|2022-04-27 07:55:16.831932|GetSource|ERR|File Not Found
KL|2022-04-27 09:55:15.257774|GetSource|ERR|File Not Found
KL|2022-04-27 11:55:21.411381|GetSource|ERR|File Not Found
KL|2022-04-27 19:57:24.542808|GetSource|ERR|File Not Found
KL|2022-04-27 20:55:19.121452|GetSource|ERR|File Not Found
KL|2022-04-27 21:55:20.874421|GetSource|ERR|File Not Found
KL|2022-04-27 22:55:21.200252|GetSource|ERR|File Not Found
KL|2022-04-27 23:55:20.491684|GetSource|OK|File Downloaded. Source URL: https://dashboard.kerala.gov.in/covid/daily.php
KL|2022-04-27 23:55:50.187923|ExtractFromHTML|ERR|Source URL Not Accessible/ has been changed
KL|2022-04-28 07:55:15.807137|GetSource|OK|File Downloaded. Source URL: https://dashboard.kerala.gov.in/covid/daily.php
KL|2022-04-28 09:55:16.432125|GetSource|OK|File Downloaded. Source URL: https://dashboard.kerala.gov.in/covid/daily.php
KL|2022-04-28 11:55:15.718846|GetSource|OK|File Downloaded. Source URL: https://dashboard.kerala.gov.in/covid/daily.php
KL|2022-04-28 12:07:04.632801|ExtractFromHTML|ERR|Source URL Not Accessible/ has been changed
KL|2022-04-28 12:11:32.715477|ExtractFromHTML|ERR|Source URL Not Accessible/ has been changed
KL|2022-04-28 12:17:13.249168|ExtractFromHTML|ERR|Source URL Not Accessible/ has been changed
KL|2022-04-28 12:18:11.312249|ExtractFromHTML|ERR|Source URL Not Accessible/ has been changed
KL|2022-04-28 12:20:30.395758|ExtractFromHTML|ERR|Source URL Not Accessible/ has been changed
KL|2022-04-28 12:29:10.177322|ExtractFromHTML|ERR|Source URL Not Accessible/ has been changed
KL|2022-04-28 18:38:46.907829|ExtractFromHTML|ERR|Source URL Not Accessible/ has been changed
KL|2022-04-28 18:39:46.910500|ExtractFromHTML|ERR|Source URL Not Accessible/ has been changed
KL|2022-05-06 17:05:47.663112|ExtractFromHTML|ERR|Source URL Not Accessible/ has been changed
KL|2022-05-07 00:27:40.281427|ExtractFromHTML|ERR|Source URL Not Accessible/ has been changed
KL|2022-05-07 12:09:13.712580|ExtractFromHTML|ERR|Source URL Not Accessible/ has been changed
KL|2022-05-19 09:46:16.037659|ExtractFromHTML|ERR|Source URL Not Accessible/ has been changed
KL|2022-05-19 09:54:54.394683|ExtractFromPDF|ERR|Source PDF not present in input
KL|2022-05-19 10:00:43.845304|ExtractFromPDF|ERR|Source PDF not present in input
KL|2022-05-19 15:32:07.113916|ExtractFromPDF|OK|COMPLETED
