UT|2022-02-13 07:55:24.904575|GetSource|ERR|File Not Found
UT|2022-02-13 09:55:23.363037|GetSource|ERR|File Not Found
UT|2022-02-13 11:55:23.111326|GetSource|ERR|File Not Found
UT|2022-02-13 12:50:29.906298|GetSource|ERR|File Not Found
UT|2022-02-13 19:55:26.682349|GetSource|ERR|File Not Found
UT|2022-02-13 20:55:25.689608|GetSource|ERR|File Not Found
UT|2022-02-13 21:55:31.941906|GetSource|ERR|File Not Found
UT|2022-02-13 22:55:26.509867|GetSource|ERR|File Not Found
UT|2022-02-13 23:55:29.143114|GetSource|ERR|File Not Found
UT|2022-02-14 12:12:41.228252|GetSource|ERR|File Not Found
UT|2022-02-14 12:26:52.141311|GetSource|ERR|File Not Found
UT|2022-02-14 12:49:23.140041|GetSource|ERR|File Not Found
UT|2022-02-14 12:52:18.723944|GetSource|ERR|File Not Found
UT|2022-02-14 12:53:33.385791|GetSource|ERR|File Not Found
UT|2022-02-14 13:03:02.684972|GetSource|ERR|File Not Found
UT|2022-02-17 00:08:20.745082|GetSource|OK|File Downloaded. Source URL: https://health.uk.gov.in/files/2022.02.13_Health_Bulletin.pdf
UT|2022-02-17 00:08:44.803889|GetSource|OK|File Downloaded. Source URL: https://health.uk.gov.in/files/2022.02.13_Health_Bulletin.pdf
UT|2022-02-17 00:09:07.966022|GetSource|OK|File Downloaded. Source URL: https://health.uk.gov.in/files/2022.02.13_Health_Bulletin.pdf
UT|2022-02-17 00:15:03.228678|ExtractFromPDF|ERR|Source PDF not present in input
UT|2022-02-17 00:15:52.735712|ExtractFromPDF|ERR|Source PDF not present in input
UT|2022-02-17 00:16:40.919147|ExtractFromPDF|ERR|Source PDF not present in input
UT|2022-02-17 00:36:58.263918|ExtractFromPDF|OK|COMPLETED
UT|2022-02-17 00:37:55.372763|ExtractFromPDF|OK|COMPLETED
UT|2022-02-17 00:38:34.968676|ExtractFromPDF|ERR|Fatal error in main loop
