KL|2022-05-16 07:55:15.761177|GetSource|ERR|File Not Found
KL|2022-05-16 09:55:15.786566|GetSource|ERR|File Not Found
KL|2022-05-16 11:55:17.993039|GetSource|ERR|File Not Found
KL|2022-05-16 19:28:34.574613|GetSource|ERR|File Not Found
KL|2022-05-16 19:55:18.804666|GetSource|ERR|File Not Found
KL|2022-05-16 20:55:19.093211|GetSource|ERR|File Not Found
KL|2022-05-16 21:55:20.401748|GetSource|ERR|File Not Found
KL|2022-05-16 22:55:18.885909|GetSource|ERR|File Not Found
KL|2022-05-16 23:55:18.187200|GetSource|ERR|File Not Found
KL|2022-05-17 09:55:15.936830|GetSource|OK|File Downloaded. Source URL: https://dashboard.kerala.gov.in/covid/daily.php
KL|2022-05-17 11:43:45.802447|ExtractFromHTML|OK|COMPLETED
KL|2022-05-17 11:55:18.287852|GetSource|OK|File Downloaded. Source URL: https://dashboard.kerala.gov.in/covid/daily.php
KL|2022-05-17 19:55:18.419298|GetSource|OK|File Downloaded. Source URL: https://dashboard.kerala.gov.in/covid/daily.php
KL|2022-05-17 20:55:18.499089|GetSource|OK|File Downloaded. Source URL: https://dashboard.kerala.gov.in/covid/daily.php
KL|2022-05-17 21:55:16.972113|GetSource|OK|File Downloaded. Source URL: https://dashboard.kerala.gov.in/covid/daily.php
KL|2022-05-17 22:55:17.798383|GetSource|OK|File Downloaded. Source URL: https://dashboard.kerala.gov.in/covid/daily.php
KL|2022-05-17 23:55:17.574834|GetSource|OK|File Downloaded. Source URL: https://dashboard.kerala.gov.in/covid/daily.php
KL|2022-05-18 07:55:14.930080|GetSource|OK|File Downloaded. Source URL: https://dashboard.kerala.gov.in/covid/daily.php
KL|2022-05-18 09:55:15.216887|GetSource|OK|File Downloaded. Source URL: https://dashboard.kerala.gov.in/covid/daily.php
KL|2022-05-18 10:34:21.344370|GetSource|OK|File Downloaded. Source URL: https://dashboard.kerala.gov.in/covid/daily.php
KL|2022-05-18 10:35:28.234173|GetSource|OK|File Downloaded. Source URL: https://dashboard.kerala.gov.in/covid/daily.php
KL|2022-05-18 10:36:06.288567|GetSource|OK|File Downloaded. Source URL: https://dashboard.kerala.gov.in/covid/daily.php
KL|2022-05-18 10:36:37.718154|GetSource|OK|File Downloaded. Source URL: https://dashboard.kerala.gov.in/covid/daily.php
KL|2022-05-18 11:02:16.154872|GetSource|OK|File Downloaded. Source URL: https://dashboard.kerala.gov.in/covid/daily.php
KL|2022-05-18 11:55:16.256934|GetSource|OK|File Downloaded. Source URL: https://dashboard.kerala.gov.in/covid/daily.php
KL|2022-05-18 12:46:18.124093|GetSource|OK|File Downloaded. Source URL: https://dashboard.kerala.gov.in/covid/daily.php
KL|2022-05-18 12:47:33.198962|GetSource|OK|File Downloaded. Source URL: https://dashboard.kerala.gov.in/covid/daily.php
KL|2022-05-18 12:50:16.933648|GetSource|OK|File Downloaded. Source URL: https://dashboard.kerala.gov.in/covid/daily.php
KL|2022-05-18 12:52:24.642096|GetSource|OK|File Downloaded. Source URL: https://dashboard.kerala.gov.in/covid/daily.php
KL|2022-05-18 12:59:36.401478|GetSource|OK|File Downloaded. Source URL: https://dashboard.kerala.gov.in/covid/daily.php
KL|2022-05-18 19:55:17.615689|GetSource|OK|File Downloaded. Source URL: https://dashboard.kerala.gov.in/covid/daily.php
KL|2022-05-18 20:55:20.133643|GetSource|OK|File Downloaded. Source URL: https://dashboard.kerala.gov.in/covid/daily.php
KL|2022-05-18 21:55:20.403082|GetSource|OK|File Downloaded. Source URL: https://dashboard.kerala.gov.in/covid/daily.php
KL|2022-05-18 22:55:18.604849|GetSource|OK|File Downloaded. Source URL: https://dashboard.kerala.gov.in/covid/daily.php
KL|2022-05-18 23:55:21.110456|GetSource|OK|File Downloaded. Source URL: https://dashboard.kerala.gov.in/covid/daily.php
KL|2022-05-19 07:55:17.378832|GetSource|OK|File Downloaded. Source URL: https://dashboard.kerala.gov.in/covid/daily.php
KL|2022-05-19 09:47:33.418576|ExtractFromHTML|OK|COMPLETED
KL|2022-05-19 09:55:16.297281|GetSource|OK|File Downloaded. Source URL: https://dashboard.kerala.gov.in/covid/daily.php
KL|2022-05-19 09:56:35.836426|ExtractFromHTML|OK|COMPLETED
KL|2022-05-19 10:02:38.014580|ExtractFromPDF|ERR|Source PDF not present in input
KL|2022-05-19 11:55:15.532429|GetSource|OK|File Downloaded. Source URL: https://dashboard.kerala.gov.in/covid/daily.php
KL|2022-05-19 12:00:15.187088|GetSource|OK|File Downloaded. Source URL: https://dashboard.kerala.gov.in/covid/daily.php
KL|2022-05-19 12:06:01.601227|GetSource|OK|File Downloaded. Source URL: https://dashboard.kerala.gov.in/covid/daily.php
KL|2022-05-19 12:26:30.577167|GetSource|OK|File Downloaded. Source URL: https://dashboard.kerala.gov.in/covid/daily.php
KL|2022-05-19 12:32:02.903265|GetSource|OK|File Downloaded. Source URL: https://dashboard.kerala.gov.in/covid/daily.php
KL|2022-05-19 15:33:50.888922|ExtractFromHTML|OK|COMPLETED
KL|2022-05-19 15:35:41.392596|ExtractFromPDF|OK|COMPLETED
KL|2022-05-19 17:07:34.161025|GetSource|OK|File Downloaded. Source URL: https://dashboard.kerala.gov.in/covid/daily.php
KL|2022-05-19 19:55:20.326373|GetSource|OK|File Downloaded. Source URL: https://dashboard.kerala.gov.in/covid/daily.php
KL|2022-05-19 20:55:19.096689|GetSource|OK|File Downloaded. Source URL: https://dashboard.kerala.gov.in/covid/daily.php
KL|2022-05-19 21:56:38.156150|GetSource|OK|File Downloaded. Source URL: https://dashboard.kerala.gov.in/covid/daily.php
KL|2022-05-19 22:55:18.746520|GetSource|OK|File Downloaded. Source URL: https://dashboard.kerala.gov.in/covid/daily.php
KL|2022-05-19 23:55:22.362828|GetSource|OK|File Downloaded. Source URL: https://dashboard.kerala.gov.in/covid/daily.php
KL|2022-05-20 07:25:39.648658|GetSource|OK|File Downloaded. Source URL: https://dashboard.kerala.gov.in/covid/daily.php
KL|2022-05-20 07:55:16.010837|GetSource|OK|File Downloaded. Source URL: https://dashboard.kerala.gov.in/covid/daily.php
KL|2022-05-20 09:55:16.145633|GetSource|OK|File Downloaded. Source URL: https://dashboard.kerala.gov.in/covid/daily.php
KL|2022-05-20 11:55:15.890960|GetSource|OK|File Downloaded. Source URL: https://dashboard.kerala.gov.in/covid/daily.php
