AP|2022-04-08 07:55:11.409158|GetSource|ERR|File Not Found
AP|2022-04-08 09:55:10.310173|GetSource|ERR|File Not Found
AP|2022-04-08 11:48:39.587694|GetSource|ERR|File Not Found
AP|2022-04-08 11:55:10.891431|GetSource|ERR|File Not Found
AP|2022-04-08 19:55:12.077372|GetSource|OK|File Downloaded. Source URL: https://hmfw.ap.gov.in/covid_dashboard.aspx
AP|2022-04-08 19:55:32.884020|ExtractFromHTML|ERR|Source URL Not Accessible/ has been changed
AP|2022-04-08 20:55:11.296284|GetSource|OK|File Downloaded. Source URL: https://hmfw.ap.gov.in/covid_dashboard.aspx
AP|2022-04-08 20:55:30.391368|ExtractFromHTML|ERR|Source URL Not Accessible/ has been changed
AP|2022-04-08 21:55:10.757221|GetSource|OK|File Downloaded. Source URL: https://hmfw.ap.gov.in/covid_dashboard.aspx
AP|2022-04-08 21:55:34.421268|ExtractFromHTML|ERR|Source URL Not Accessible/ has been changed
AP|2022-04-08 22:55:10.365970|GetSource|OK|File Downloaded. Source URL: https://hmfw.ap.gov.in/covid_dashboard.aspx
AP|2022-04-08 22:57:39.081535|ExtractFromHTML|ERR|Source URL Not Accessible/ has been changed
AP|2022-04-08 23:55:10.099245|GetSource|OK|File Downloaded. Source URL: https://hmfw.ap.gov.in/covid_dashboard.aspx
AP|2022-04-08 23:55:26.023321|ExtractFromHTML|ERR|Source URL Not Accessible/ has been changed
AP|2022-04-09 12:48:56.130570|ExtractFromHTML|ERR|Source URL Not Accessible/ has been changed
AP|2022-04-09 12:56:25.886735|ExtractFromHTML|ERR|Source URL Not Accessible/ has been changed
AP|2022-04-12 17:05:02.129288|ExtractFromHTML|ERR|Source URL Not Accessible/ has been changed
AP|2022-04-12 17:51:36.070661|ExtractFromHTML|ERR|Source URL Not Accessible/ has been changed
AP|2022-04-12 17:53:05.365531|ExtractFromHTML|ERR|Source URL Not Accessible/ has been changed
AP|2022-04-12 17:55:03.545328|ExtractFromHTML|ERR|Source URL Not Accessible/ has been changed
AP|2022-04-12 18:00:40.038859|ExtractFromHTML|ERR|Source URL Not Accessible/ has been changed
AP|2022-04-12 18:44:08.574976|ExtractFromHTML|ERR|Source URL Not Accessible/ has been changed
AP|2022-04-12 19:00:43.928678|ExtractFromHTML|ERR|Source URL Not Accessible/ has been changed
AP|2022-04-12 19:11:44.051740|ExtractFromHTML|ERR|Source URL Not Accessible/ has been changed
AP|2022-04-12 19:53:22.360330|ExtractFromHTML|ERR|Source URL Not Accessible/ has been changed
AP|2022-06-15 13:25:37.003585|ExtractFromPDF|ERR|Fatal error in main loop
AP|2022-06-15 13:29:36.527788|ExtractFromPDF|ERR|Fatal error in main loop
AP|2022-06-15 13:42:31.051028|ExtractFromPDF|OK|COMPLETED
AP|2022-06-15 14:00:35.927066|ExtractFromPDF|OK|COMPLETED
AP|2022-06-15 14:04:59.490922|ExtractFromPDF|OK|COMPLETED
AP|2022-06-15 14:32:22.010466|ExtractFromPDF|OK|COMPLETED
AP|2022-06-15 15:41:25.355313|ExtractFromPDF|OK|COMPLETED
AP|2022-06-15 19:20:54.690816|ExtractFromPDF|OK|COMPLETED
AP|2022-06-15 19:40:43.246064|ExtractFromPDF|OK|COMPLETED
AP|2022-06-15 19:43:59.842847|ExtractFromPDF|OK|COMPLETED
AP|2022-06-15 19:55:04.267682|ExtractFromPDF|OK|COMPLETED
AP|2022-06-15 20:55:05.412098|ExtractFromPDF|OK|COMPLETED
AP|2022-06-15 21:55:04.611585|ExtractFromPDF|OK|COMPLETED
AP|2022-06-15 22:55:04.627309|ExtractFromPDF|OK|COMPLETED
AP|2022-06-15 23:55:04.676374|ExtractFromPDF|OK|COMPLETED
AP|2022-06-16 00:31:37.738067|ExtractFromPDF|OK|COMPLETED
AP|2022-06-16 01:00:59.816927|ExtractFromPDF|OK|COMPLETED
AP|2022-06-16 01:04:22.454589|ExtractFromPDF|OK|COMPLETED
AP|2022-06-16 01:35:21.675128|ExtractFromPDF|OK|COMPLETED
AP|2022-06-16 01:36:02.601086|ExtractFromPDF|OK|COMPLETED
AP|2022-06-16 01:37:26.156907|ExtractFromPDF|OK|COMPLETED
AP|2022-06-16 01:37:52.331157|ExtractFromPDF|OK|COMPLETED
AP|2022-06-16 01:39:31.946568|ExtractFromPDF|OK|COMPLETED
AP|2022-06-16 01:43:04.606684|ExtractFromPDF|ERR|Fatal error in main loop
AP|2022-06-16 01:44:37.593186|ExtractFromPDF|ERR|Fatal error in main loop
AP|2022-06-16 01:59:55.995523|ExtractFromPDF|ERR|Fatal error in main loop
AP|2022-06-16 02:01:49.074740|ExtractFromPDF|OK|COMPLETED
AP|2022-06-16 02:02:09.114343|ExtractFromPDF|ERR|Fatal error in main loop
AP|2022-06-16 02:03:34.675815|ExtractFromPDF|ERR|Fatal error in main loop
AP|2022-06-16 02:05:05.536550|ExtractFromPDF|ERR|Fatal error in main loop
AP|2022-06-16 02:06:06.240757|ExtractFromPDF|ERR|Fatal error in main loop
AP|2022-06-16 02:07:31.799907|ExtractFromPDF|ERR|Fatal error in main loop
AP|2022-06-16 02:08:24.496316|ExtractFromPDF|OK|COMPLETED
AP|2022-06-16 02:10:01.924677|ExtractFromPDF|ERR|Fatal error in main loop
AP|2022-06-16 02:11:10.083317|ExtractFromPDF|ERR|Fatal error in main loop
AP|2022-06-16 02:14:51.585057|ExtractFromPDF|ERR|Fatal error in main loop
AP|2022-06-16 02:15:39.719705|ExtractFromPDF|ERR|Fatal error in main loop
AP|2022-06-16 02:16:35.022328|ExtractFromPDF|ERR|Fatal error in main loop
AP|2022-06-16 02:18:45.992317|ExtractFromPDF|ERR|Fatal error in main loop
AP|2022-06-16 02:19:51.515296|ExtractFromPDF|ERR|Fatal error in main loop
AP|2022-06-16 02:22:05.052230|ExtractFromPDF|ERR|Fatal error in main loop
AP|2022-06-16 02:22:51.993844|ExtractFromPDF|ERR|Fatal error in main loop
AP|2022-06-16 02:26:23.349464|ExtractFromPDF|ERR|Fatal error in main loop
AP|2022-06-16 02:28:03.597170|ExtractFromPDF|ERR|Fatal error in main loop
AP|2022-06-16 02:28:43.489514|ExtractFromPDF|OK|COMPLETED
AP|2022-06-16 02:30:32.718677|ExtractFromPDF|OK|COMPLETED
AP|2022-06-16 02:34:52.887334|ExtractFromPDF|OK|COMPLETED
AP|2022-06-16 02:39:24.992260|ExtractFromPDF|OK|COMPLETED
AP|2022-06-16 02:40:03.584841|ExtractFromPDF|OK|COMPLETED
AP|2022-06-16 02:41:22.498029|ExtractFromPDF|OK|COMPLETED
AP|2022-06-16 07:55:04.802308|ExtractFromPDF|OK|COMPLETED
AP|2022-06-16 09:55:04.371053|ExtractFromPDF|OK|COMPLETED
AP|2022-06-16 11:55:04.651940|ExtractFromPDF|OK|COMPLETED
