AR|2022-01-26 07:55:44.240195|ExtractDataFromImage|ERR|Source not accessible. Source URL: https://www.twitter.com/DirHealth_ArPr
AR|2022-01-26 09:55:40.337661|ExtractDataFromImage|ERR|Source not accessible. Source URL: https://www.twitter.com/DirHealth_ArPr
AR|2022-01-26 11:55:24.528517|ExtractDataFromImage|ERR|Source not accessible. Source URL: https://www.twitter.com/DirHealth_ArPr
AR|2022-01-26 13:16:03.877832|ExtractDataFromImage|ERR|Source not accessible. Source URL: https://www.twitter.com/DirHealth_ArPr
AR|2022-01-26 19:55:30.152493|ExtractDataFromImage|ERR|Source not accessible. Source URL: https://www.twitter.com/DirHealth_ArPr
AR|2022-01-26 20:27:58.624825|ExtractDataFromImage|ERR|Source not accessible. Source URL: https://www.twitter.com/DirHealth_ArPr
AR|2022-01-26 20:55:35.698531|ExtractDataFromImage|ERR|Data Extraction Error - 403 This API method requires billing to be enabled. Please enable billing on project #834095608860 by visiting https://console.developers.google.com/billing/enable?project=834095608860 then retry. If you enabled billing for this project recently, wait a few minutes for the action to propagate to our systems and retry. [links {
  description: "Google developers console billing"
  url: "https://console.developers.google.com/billing/enable?project=834095608860"
}
, reason: "BILLING_DISABLED"
domain: "googleapis.com"
metadata {
  key: "consumer"
  value: "projects/834095608860"
}
metadata {
  key: "service"
  value: "vision.googleapis.com"
}
]. Picking data from mygov
AR|2022-01-26 21:55:34.064365|ExtractDataFromImage|ERR|Data Extraction Error - 403 This API method requires billing to be enabled. Please enable billing on project #834095608860 by visiting https://console.developers.google.com/billing/enable?project=834095608860 then retry. If you enabled billing for this project recently, wait a few minutes for the action to propagate to our systems and retry. [links {
  description: "Google developers console billing"
  url: "https://console.developers.google.com/billing/enable?project=834095608860"
}
, reason: "BILLING_DISABLED"
domain: "googleapis.com"
metadata {
  key: "consumer"
  value: "projects/834095608860"
}
metadata {
  key: "service"
  value: "vision.googleapis.com"
}
]. Picking data from mygov
AR|2022-01-26 22:55:36.222979|ExtractDataFromImage|ERR|Data Extraction Error - 403 This API method requires billing to be enabled. Please enable billing on project #834095608860 by visiting https://console.developers.google.com/billing/enable?project=834095608860 then retry. If you enabled billing for this project recently, wait a few minutes for the action to propagate to our systems and retry. [links {
  description: "Google developers console billing"
  url: "https://console.developers.google.com/billing/enable?project=834095608860"
}
, reason: "BILLING_DISABLED"
domain: "googleapis.com"
metadata {
  key: "consumer"
  value: "projects/834095608860"
}
metadata {
  key: "service"
  value: "vision.googleapis.com"
}
]. Picking data from mygov
AR|2022-01-26 23:55:33.698860|ExtractDataFromImage|ERR|Data Extraction Error - 403 This API method requires billing to be enabled. Please enable billing on project #834095608860 by visiting https://console.developers.google.com/billing/enable?project=834095608860 then retry. If you enabled billing for this project recently, wait a few minutes for the action to propagate to our systems and retry. [links {
  description: "Google developers console billing"
  url: "https://console.developers.google.com/billing/enable?project=834095608860"
}
, reason: "BILLING_DISABLED"
domain: "googleapis.com"
metadata {
  key: "consumer"
  value: "projects/834095608860"
}
metadata {
  key: "service"
  value: "vision.googleapis.com"
}
]. Picking data from mygov
AR|2022-01-26 23:59:17.408751|ExtractDataFromImage|ERR|Data Extraction Error - 403 This API method requires billing to be enabled. Please enable billing on project #834095608860 by visiting https://console.developers.google.com/billing/enable?project=834095608860 then retry. If you enabled billing for this project recently, wait a few minutes for the action to propagate to our systems and retry. [links {
  description: "Google developers console billing"
  url: "https://console.developers.google.com/billing/enable?project=834095608860"
}
, reason: "BILLING_DISABLED"
domain: "googleapis.com"
metadata {
  key: "consumer"
  value: "projects/834095608860"
}
metadata {
  key: "service"
  value: "vision.googleapis.com"
}
]. Picking data from mygov
AR|2022-01-27 00:10:06.224473|ExtractDataFromImage|ERR|Data Extraction Error - 403 This API method requires billing to be enabled. Please enable billing on project #834095608860 by visiting https://console.developers.google.com/billing/enable?project=834095608860 then retry. If you enabled billing for this project recently, wait a few minutes for the action to propagate to our systems and retry. [links {
  description: "Google developers console billing"
  url: "https://console.developers.google.com/billing/enable?project=834095608860"
}
, reason: "BILLING_DISABLED"
domain: "googleapis.com"
metadata {
  key: "consumer"
  value: "projects/834095608860"
}
metadata {
  key: "service"
  value: "vision.googleapis.com"
}
]. Picking data from mygov
AR|2022-01-27 00:17:25.770181|ExtractDataFromImage|OK|Data successfully extracted for AR. Source URL: https://www.twitter.com/DirHealth_ArPr
