HP|2022-01-26 07:55:45.677261|ExtractDataFromImage|ERR|Source not accessible. Source URL: https://www.twitter.com/nhm_hp
HP|2022-01-26 09:55:41.785584|ExtractDataFromImage|ERR|Source not accessible. Source URL: https://www.twitter.com/nhm_hp
HP|2022-01-26 11:55:25.878733|ExtractDataFromImage|ERR|Source not accessible. Source URL: https://www.twitter.com/nhm_hp
HP|2022-01-26 13:16:05.268641|ExtractDataFromImage|ERR|Source not accessible. Source URL: https://www.twitter.com/nhm_hp
HP|2022-01-26 19:55:33.389670|ExtractDataFromImage|ERR|Data Extraction Error - 403 This API method requires billing to be enabled. Please enable billing on project #834095608860 by visiting https://console.developers.google.com/billing/enable?project=834095608860 then retry. If you enabled billing for this project recently, wait a few minutes for the action to propagate to our systems and retry. [links {
  description: "Google developers console billing"
  url: "https://console.developers.google.com/billing/enable?project=834095608860"
}
, reason: "BILLING_DISABLED"
domain: "googleapis.com"
metadata {
  key: "consumer"
  value: "projects/834095608860"
}
metadata {
  key: "service"
  value: "vision.googleapis.com"
}
]. Picking data from mygov
HP|2022-01-26 20:28:07.744857|ExtractDataFromImage|ERR|Data Extraction Error - 403 This API method requires billing to be enabled. Please enable billing on project #834095608860 by visiting https://console.developers.google.com/billing/enable?project=834095608860 then retry. If you enabled billing for this project recently, wait a few minutes for the action to propagate to our systems and retry. [links {
  description: "Google developers console billing"
  url: "https://console.developers.google.com/billing/enable?project=834095608860"
}
, reason: "BILLING_DISABLED"
domain: "googleapis.com"
metadata {
  key: "consumer"
  value: "projects/834095608860"
}
metadata {
  key: "service"
  value: "vision.googleapis.com"
}
]. Picking data from mygov
HP|2022-01-26 20:55:46.063675|ExtractDataFromImage|ERR|Data Extraction Error - 403 This API method requires billing to be enabled. Please enable billing on project #834095608860 by visiting https://console.developers.google.com/billing/enable?project=834095608860 then retry. If you enabled billing for this project recently, wait a few minutes for the action to propagate to our systems and retry. [links {
  description: "Google developers console billing"
  url: "https://console.developers.google.com/billing/enable?project=834095608860"
}
, reason: "BILLING_DISABLED"
domain: "googleapis.com"
metadata {
  key: "consumer"
  value: "projects/834095608860"
}
metadata {
  key: "service"
  value: "vision.googleapis.com"
}
]. Picking data from mygov
HP|2022-01-26 21:55:43.446464|ExtractDataFromImage|ERR|Data Extraction Error - 403 This API method requires billing to be enabled. Please enable billing on project #834095608860 by visiting https://console.developers.google.com/billing/enable?project=834095608860 then retry. If you enabled billing for this project recently, wait a few minutes for the action to propagate to our systems and retry. [links {
  description: "Google developers console billing"
  url: "https://console.developers.google.com/billing/enable?project=834095608860"
}
, reason: "BILLING_DISABLED"
domain: "googleapis.com"
metadata {
  key: "consumer"
  value: "projects/834095608860"
}
metadata {
  key: "service"
  value: "vision.googleapis.com"
}
]. Picking data from mygov
HP|2022-01-26 22:55:45.770677|ExtractDataFromImage|ERR|Data Extraction Error - 403 This API method requires billing to be enabled. Please enable billing on project #834095608860 by visiting https://console.developers.google.com/billing/enable?project=834095608860 then retry. If you enabled billing for this project recently, wait a few minutes for the action to propagate to our systems and retry. [links {
  description: "Google developers console billing"
  url: "https://console.developers.google.com/billing/enable?project=834095608860"
}
, reason: "BILLING_DISABLED"
domain: "googleapis.com"
metadata {
  key: "consumer"
  value: "projects/834095608860"
}
metadata {
  key: "service"
  value: "vision.googleapis.com"
}
]. Picking data from mygov
HP|2022-01-26 23:55:41.378656|ExtractDataFromImage|ERR|Data Extraction Error - 403 This API method requires billing to be enabled. Please enable billing on project #834095608860 by visiting https://console.developers.google.com/billing/enable?project=834095608860 then retry. If you enabled billing for this project recently, wait a few minutes for the action to propagate to our systems and retry. [links {
  description: "Google developers console billing"
  url: "https://console.developers.google.com/billing/enable?project=834095608860"
}
, reason: "BILLING_DISABLED"
domain: "googleapis.com"
metadata {
  key: "consumer"
  value: "projects/834095608860"
}
metadata {
  key: "service"
  value: "vision.googleapis.com"
}
]. Picking data from mygov
HP|2022-01-26 23:59:26.332257|ExtractDataFromImage|ERR|Data Extraction Error - 403 This API method requires billing to be enabled. Please enable billing on project #834095608860 by visiting https://console.developers.google.com/billing/enable?project=834095608860 then retry. If you enabled billing for this project recently, wait a few minutes for the action to propagate to our systems and retry. [links {
  description: "Google developers console billing"
  url: "https://console.developers.google.com/billing/enable?project=834095608860"
}
, reason: "BILLING_DISABLED"
domain: "googleapis.com"
metadata {
  key: "consumer"
  value: "projects/834095608860"
}
metadata {
  key: "service"
  value: "vision.googleapis.com"
}
]. Picking data from mygov
