MN|2022-01-26 07:55:46.194676|ExtractDataFromImage|ERR|Source not accessible. Source URL: https://www.twitter.com/health_manipur
MN|2022-01-26 09:55:42.326738|ExtractDataFromImage|ERR|Source not accessible. Source URL: https://www.twitter.com/health_manipur
MN|2022-01-26 11:55:26.428061|ExtractDataFromImage|ERR|Source not accessible. Source URL: https://www.twitter.com/health_manipur
MN|2022-01-26 13:16:05.815238|ExtractDataFromImage|ERR|Source not accessible. Source URL: https://www.twitter.com/health_manipur
MN|2022-01-26 23:59:35.002396|ExtractDataFromImage|ERR|Data Extraction Error - 403 This API method requires billing to be enabled. Please enable billing on project #834095608860 by visiting https://console.developers.google.com/billing/enable?project=834095608860 then retry. If you enabled billing for this project recently, wait a few minutes for the action to propagate to our systems and retry. [links {
  description: "Google developers console billing"
  url: "https://console.developers.google.com/billing/enable?project=834095608860"
}
, reason: "BILLING_DISABLED"
domain: "googleapis.com"
metadata {
  key: "consumer"
  value: "projects/834095608860"
}
metadata {
  key: "service"
  value: "vision.googleapis.com"
}
]. Picking data from mygov
MN|2022-01-27 00:19:15.212331|ExtractDataFromImage|OK|Data successfully extracted for MN. Source URL: https://www.twitter.com/health_manipur
