AP|2022-04-07 07:55:11.072353|GetSource|ERR|File Not Found
AP|2022-04-07 09:55:10.236481|GetSource|ERR|File Not Found
AP|2022-04-07 11:55:11.356614|GetSource|ERR|File Not Found
AP|2022-04-07 19:55:11.095050|GetSource|ERR|File Not Found
AP|2022-04-07 20:55:10.154899|GetSource|ERR|File Not Found
AP|2022-04-07 21:55:11.165083|GetSource|ERR|File Not Found
AP|2022-04-07 22:55:10.678636|GetSource|ERR|File Not Found
AP|2022-04-07 23:55:11.060125|GetSource|ERR|File Not Found
AP|2022-04-08 11:46:16.943029|GetSource|ERR|File Not Found
AP|2022-04-08 11:49:23.628347|GetSource|ERR|File Not Found
AP|2022-04-08 12:01:41.464745|GetSource|ERR|File Not Found
AP|2022-04-08 12:02:22.525104|GetSource|ERR|File Not Found
AP|2022-04-08 13:06:15.430181|GetSource|ERR|File Not Found
AP|2022-04-08 13:06:59.031855|GetSource|ERR|File Not Found
AP|2022-04-12 17:04:50.015948|GetSource|OK|File Downloaded. Source URL: https://hmfw.ap.gov.in/covid_dashboard.aspx
AP|2022-04-12 17:04:50.055340|ExtractFromHTML|ERR|Source URL Not Accessible/ has been changed
AP|2022-04-12 17:51:33.038754|ExtractFromHTML|ERR|Source URL Not Accessible/ has been changed
AP|2022-04-12 17:53:01.672493|ExtractFromHTML|ERR|Source URL Not Accessible/ has been changed
AP|2022-04-12 17:55:00.986777|ExtractFromHTML|ERR|Source URL Not Accessible/ has been changed
AP|2022-04-12 18:00:37.305425|ExtractFromHTML|ERR|Source URL Not Accessible/ has been changed
AP|2022-04-12 18:44:06.096554|ExtractFromHTML|ERR|Source URL Not Accessible/ has been changed
AP|2022-04-12 19:00:41.633010|ExtractFromHTML|ERR|Source URL Not Accessible/ has been changed
AP|2022-04-12 19:11:39.312351|ExtractFromHTML|ERR|Source URL Not Accessible/ has been changed
AP|2022-04-12 19:53:17.941995|ExtractFromHTML|ERR|Source URL Not Accessible/ has been changed
AP|2022-06-09 09:01:51.236318|ExtractFromHTML|ERR|Source URL Not Accessible/ has been changed
AP|2022-06-09 09:02:33.372714|ExtractFromHTML|ERR|Source URL Not Accessible/ has been changed
AP|2022-06-15 10:39:00.515056|ExtractFromPDF|OK|COMPLETED
AP|2022-06-15 16:14:16.968113|ExtractFromPDF|OK|COMPLETED
AP|2022-06-15 18:44:59.214736|ExtractFromPDF|ERR|Fatal error in main loop
AP|2022-06-15 18:49:36.481397|ExtractFromPDF|OK|COMPLETED
AP|2022-06-15 18:52:33.013834|ExtractFromPDF|OK|COMPLETED
AP|2022-06-15 18:58:17.365506|ExtractFromPDF|OK|COMPLETED
AP|2022-06-17 17:58:31.639731|ExtractFromPDF|ERR|Fatal error in main loop
AP|2022-06-17 18:03:28.347996|ExtractFromPDF|ERR|Fatal error in main loop
AP|2022-06-17 18:05:37.604807|ExtractFromPDF|ERR|Fatal error in main loop
AP|2022-06-17 18:06:34.967735|ExtractFromPDF|ERR|Fatal error in main loop
AP|2022-06-17 18:08:10.327586|ExtractFromPDF|ERR|Fatal error in main loop
AP|2022-06-17 18:11:06.279411|ExtractFromPDF|OK|COMPLETED
AP|2022-06-17 18:12:19.474992|ExtractFromPDF|OK|COMPLETED
AP|2022-06-17 18:14:07.510151|ExtractFromPDF|OK|COMPLETED
AP|2022-06-17 18:20:13.497631|ExtractFromPDF|ERR|Fatal error in main loop
AP|2022-06-17 18:20:36.100755|ExtractFromPDF|OK|COMPLETED
AP|2022-06-17 18:22:42.209334|ExtractFromPDF|OK|COMPLETED
AP|2022-06-17 18:23:52.447453|ExtractFromPDF|OK|COMPLETED
