KL|2021-11-02 06:19:42.379364|GetSource|OK|File Downloaded fromhttps://dashboard.kerala.gov.in/covid/daily.php
KL|2021-11-02 06:24:11.080924|GetSource|OK|File Downloaded fromhttps://dashboard.kerala.gov.in/covid/daily.php
KL|2021-11-02 10:52:05.713979|GetSource|OK|File Downloaded fromhttps://dashboard.kerala.gov.in/covid/daily.php
KL|2021-11-02 10:59:36.699876|GetSource|OK|File Downloaded fromhttps://dashboard.kerala.gov.in/covid/daily.php
KL|2021-11-02 11:01:56.832863|GetSource|OK|File Downloaded fromhttps://dashboard.kerala.gov.in/covid/daily.php
KL|2021-11-02 16:17:01.092424|GetSource|OK|File Downloaded fromhttps://dashboard.kerala.gov.in/covid/daily.php
KL|2021-11-02 16:19:17.535019|GetSource|OK|File Downloaded fromhttps://dashboard.kerala.gov.in/covid/daily.php
KL|2021-11-02 16:22:03.225156|GetSource|OK|File Downloaded fromhttps://dashboard.kerala.gov.in/covid/daily.php
KL|2021-11-02 16:24:55.428155|GetSource|OK|File Downloaded fromhttps://dashboard.kerala.gov.in/covid/daily.php
KL|2021-11-02 16:41:56.508217|GetSource|OK|File Downloaded fromhttps://dashboard.kerala.gov.in/covid/daily.php
KL|2021-11-02 16:44:08.576470|GetSource|OK|File Downloaded fromhttps://dashboard.kerala.gov.in/covid/daily.php
KL|2021-11-02 21:08:29.749788|ExtractFromHTML|ERR|Source URL Not Accessible/ has been changed
KL|2021-11-02 21:24:38.140445|ExtractFromHTML|ERR|Source URL Not Accessible/ has been changed
KL|2021-11-02 21:39:17.490496|ExtractFromHTML|ERR|Source URL Not Accessible/ has been changed
KL|2021-11-03 09:49:46.620317|ExtractFromHTML|ERR|Source URL Not Accessible/ has been changed
KL|2022-02-09 21:22:31.834980|ExtractFromHTML|OK|COMPLETED
KL|2022-02-09 21:27:34.032063|ExtractFromHTML|OK|COMPLETED
KL|2022-02-13 20:05:25.158609|ExtractFromPDF|ERR|Source PDF not present in input
KL|2022-02-13 20:09:45.843845|ExtractFromHTML|OK|COMPLETED
KL|2022-02-13 20:13:23.474248|ExtractFromHTML|OK|COMPLETED
KL|2022-02-13 20:14:01.265013|ExtractFromPDF|ERR|Source PDF not present in input
KL|2022-02-13 20:14:39.692986|ExtractFromPDF|ERR|Fatal error in main loop
KL|2022-02-13 20:17:52.125186|ExtractFromPDF|OK|COMPLETED
KL|2022-02-13 20:18:58.451932|ExtractFromPDF|OK|COMPLETED
