KL|2022-03-14 07:55:14.403582|GetSource|ERR|File Not Found
KL|2022-03-14 09:55:15.260339|GetSource|ERR|File Not Found
KL|2022-03-14 11:36:47.445744|GetSource|ERR|File Not Found
KL|2022-03-14 11:55:16.255669|GetSource|ERR|File Not Found
KL|2022-03-14 19:55:22.020616|GetSource|OK|File Downloaded. Source URL: https://dashboard.kerala.gov.in/covid/daily.php
KL|2022-03-14 19:55:45.610692|ExtractFromHTML|OK|COMPLETED
KL|2022-03-14 20:55:19.115125|GetSource|OK|File Downloaded. Source URL: https://dashboard.kerala.gov.in/covid/daily.php
KL|2022-03-14 20:55:49.893824|ExtractFromHTML|OK|COMPLETED
KL|2022-03-14 21:55:18.344848|GetSource|OK|File Downloaded. Source URL: https://dashboard.kerala.gov.in/covid/daily.php
KL|2022-03-14 21:55:40.352607|ExtractFromHTML|OK|COMPLETED
KL|2022-03-14 22:55:17.454219|GetSource|OK|File Downloaded. Source URL: https://dashboard.kerala.gov.in/covid/daily.php
KL|2022-03-14 22:55:52.756982|ExtractFromHTML|OK|COMPLETED
KL|2022-03-14 23:55:17.995531|GetSource|OK|File Downloaded. Source URL: https://dashboard.kerala.gov.in/covid/daily.php
KL|2022-03-14 23:55:42.511865|ExtractFromHTML|OK|COMPLETED
KL|2022-03-15 07:55:14.738855|GetSource|OK|File Downloaded. Source URL: https://dashboard.kerala.gov.in/covid/daily.php
KL|2022-03-15 09:55:13.821628|GetSource|OK|File Downloaded. Source URL: https://dashboard.kerala.gov.in/covid/daily.php
KL|2022-03-15 11:23:30.569960|GetSource|OK|File Downloaded. Source URL: https://dashboard.kerala.gov.in/covid/daily.php
KL|2022-03-15 11:55:21.524243|GetSource|OK|File Downloaded. Source URL: https://dashboard.kerala.gov.in/covid/daily.php
KL|2022-03-15 13:12:02.269410|GetSource|OK|File Downloaded. Source URL: https://dashboard.kerala.gov.in/covid/daily.php
KL|2022-03-15 13:12:04.485736|ExtractFromHTML|OK|COMPLETED
KL|2022-03-15 13:13:28.016554|ExtractFromPDF|ERR|Source PDF not present in input
KL|2022-03-15 13:14:09.586914|ExtractFromPDF|ERR|Source PDF not present in input
KL|2022-03-15 13:14:32.171583|ExtractFromPDF|ERR|Source PDF not present in input
KL|2022-03-15 13:15:03.634121|ExtractFromPDF|ERR|Source PDF not present in input
KL|2022-03-15 13:16:30.585139|ExtractFromPDF|ERR|Source PDF not present in input
KL|2022-03-15 13:17:02.149592|ExtractFromPDF|ERR|Source PDF not present in input
KL|2022-03-15 13:20:52.420157|ExtractFromPDF|OK|COMPLETED
KL|2022-03-15 13:21:16.242651|ExtractFromPDF|OK|COMPLETED
KL|2022-03-15 13:30:24.713664|ExtractFromPDF|OK|COMPLETED
KL|2022-03-15 13:33:33.950967|ExtractFromPDF|OK|COMPLETED
KL|2022-03-15 13:37:59.611523|ExtractFromPDF|OK|COMPLETED
KL|2022-03-15 14:27:13.674864|GetSource|OK|File Downloaded. Source URL: https://dashboard.kerala.gov.in/covid/daily.php
KL|2022-03-15 19:55:18.578004|GetSource|OK|File Downloaded. Source URL: https://dashboard.kerala.gov.in/covid/daily.php
KL|2022-03-15 20:55:19.485609|GetSource|OK|File Downloaded. Source URL: https://dashboard.kerala.gov.in/covid/daily.php
KL|2022-03-15 21:55:18.386892|GetSource|OK|File Downloaded. Source URL: https://dashboard.kerala.gov.in/covid/daily.php
KL|2022-03-15 22:55:18.380926|GetSource|OK|File Downloaded. Source URL: https://dashboard.kerala.gov.in/covid/daily.php
KL|2022-03-15 23:55:18.220360|GetSource|OK|File Downloaded. Source URL: https://dashboard.kerala.gov.in/covid/daily.php
KL|2022-03-16 07:55:17.671892|GetSource|OK|File Downloaded. Source URL: https://dashboard.kerala.gov.in/covid/daily.php
KL|2022-03-16 09:55:15.346069|GetSource|OK|File Downloaded. Source URL: https://dashboard.kerala.gov.in/covid/daily.php
KL|2022-03-16 10:43:46.334490|GetSource|OK|File Downloaded. Source URL: https://dashboard.kerala.gov.in/covid/daily.php
KL|2022-03-16 10:44:25.575472|GetSource|OK|File Downloaded. Source URL: https://dashboard.kerala.gov.in/covid/daily.php
KL|2022-03-16 10:46:32.960134|GetSource|OK|File Downloaded. Source URL: https://dashboard.kerala.gov.in/covid/daily.php
KL|2022-03-16 11:20:32.309246|GetSource|OK|File Downloaded. Source URL: https://dashboard.kerala.gov.in/covid/daily.php
KL|2022-03-16 11:21:16.565893|GetSource|OK|File Downloaded. Source URL: https://dashboard.kerala.gov.in/covid/daily.php
KL|2022-03-16 11:37:31.872567|GetSource|OK|File Downloaded. Source URL: https://dashboard.kerala.gov.in/covid/daily.php
KL|2022-03-16 11:55:15.711104|GetSource|OK|File Downloaded. Source URL: https://dashboard.kerala.gov.in/covid/daily.php
KL|2022-03-16 12:47:09.645983|GetSource|OK|File Downloaded. Source URL: https://dashboard.kerala.gov.in/covid/daily.php
KL|2022-03-16 14:28:50.235473|GetSource|OK|File Downloaded. Source URL: https://dashboard.kerala.gov.in/covid/daily.php
KL|2022-03-16 15:21:22.488487|GetSource|OK|File Downloaded. Source URL: https://dashboard.kerala.gov.in/covid/daily.php
KL|2022-03-16 19:33:00.503869|GetSource|OK|File Downloaded. Source URL: https://dashboard.kerala.gov.in/covid/daily.php
KL|2022-03-16 19:55:17.808678|GetSource|OK|File Downloaded. Source URL: https://dashboard.kerala.gov.in/covid/daily.php
KL|2022-03-16 20:55:18.017529|GetSource|OK|File Downloaded. Source URL: https://dashboard.kerala.gov.in/covid/daily.php
KL|2022-03-16 21:55:17.842472|GetSource|OK|File Downloaded. Source URL: https://dashboard.kerala.gov.in/covid/daily.php
KL|2022-03-16 22:55:20.536123|GetSource|OK|File Downloaded. Source URL: https://dashboard.kerala.gov.in/covid/daily.php
KL|2022-03-16 23:55:17.831951|GetSource|OK|File Downloaded. Source URL: https://dashboard.kerala.gov.in/covid/daily.php
KL|2022-03-17 07:55:15.883227|GetSource|OK|File Downloaded. Source URL: https://dashboard.kerala.gov.in/covid/daily.php
KL|2022-03-17 09:55:17.894846|GetSource|OK|File Downloaded. Source URL: https://dashboard.kerala.gov.in/covid/daily.php
KL|2022-03-17 11:41:10.284549|GetSource|OK|File Downloaded. Source URL: https://dashboard.kerala.gov.in/covid/daily.php
KL|2022-03-17 11:42:52.031383|GetSource|OK|File Downloaded. Source URL: https://dashboard.kerala.gov.in/covid/daily.php
KL|2022-03-17 11:50:21.508960|GetSource|OK|File Downloaded. Source URL: https://dashboard.kerala.gov.in/covid/daily.php
KL|2022-03-17 11:55:22.891693|GetSource|OK|File Downloaded. Source URL: https://dashboard.kerala.gov.in/covid/daily.php
