KL|2022-04-22 07:55:15.795079|GetSource|ERR|File Not Found
KL|2022-04-22 09:55:16.143901|GetSource|ERR|File Not Found
KL|2022-04-22 11:55:18.289803|GetSource|ERR|File Not Found
KL|2022-04-22 12:03:21.034986|GetSource|ERR|File Not Found
KL|2022-04-22 19:10:58.068508|GetSource|ERR|File Not Found
KL|2022-04-22 19:55:16.998441|GetSource|OK|File Downloaded. Source URL: https://dashboard.kerala.gov.in/covid/daily.php
KL|2022-04-22 19:55:34.305644|ExtractFromHTML|OK|COMPLETED
KL|2022-04-22 20:55:19.031761|GetSource|OK|File Downloaded. Source URL: https://dashboard.kerala.gov.in/covid/daily.php
KL|2022-04-22 20:55:46.618077|ExtractFromHTML|OK|COMPLETED
KL|2022-04-22 21:55:18.054463|GetSource|OK|File Downloaded. Source URL: https://dashboard.kerala.gov.in/covid/daily.php
KL|2022-04-22 21:55:46.661310|ExtractFromHTML|OK|COMPLETED
KL|2022-04-22 22:55:18.093801|GetSource|OK|File Downloaded. Source URL: https://dashboard.kerala.gov.in/covid/daily.php
KL|2022-04-22 22:55:38.239401|ExtractFromHTML|OK|COMPLETED
KL|2022-04-22 23:55:18.899878|GetSource|OK|File Downloaded. Source URL: https://dashboard.kerala.gov.in/covid/daily.php
KL|2022-04-22 23:55:42.010914|ExtractFromHTML|OK|COMPLETED
KL|2022-04-23 07:55:16.494452|GetSource|OK|File Downloaded. Source URL: https://dashboard.kerala.gov.in/covid/daily.php
KL|2022-04-23 09:55:15.336962|GetSource|OK|File Downloaded. Source URL: https://dashboard.kerala.gov.in/covid/daily.php
KL|2022-04-23 11:55:17.057419|GetSource|OK|File Downloaded. Source URL: https://dashboard.kerala.gov.in/covid/daily.php
KL|2022-04-23 18:09:54.777225|GetSource|OK|File Downloaded. Source URL: https://dashboard.kerala.gov.in/covid/daily.php
KL|2022-04-23 18:09:57.015117|ExtractFromHTML|ERR|Source URL Not Accessible/ has been changed
KL|2022-04-23 19:55:18.712381|GetSource|OK|File Downloaded. Source URL: https://dashboard.kerala.gov.in/covid/daily.php
KL|2022-04-23 20:55:19.569644|GetSource|OK|File Downloaded. Source URL: https://dashboard.kerala.gov.in/covid/daily.php
KL|2022-04-23 21:55:18.878273|GetSource|OK|File Downloaded. Source URL: https://dashboard.kerala.gov.in/covid/daily.php
KL|2022-04-23 22:55:17.855020|GetSource|OK|File Downloaded. Source URL: https://dashboard.kerala.gov.in/covid/daily.php
KL|2022-04-27 14:50:25.041400|ExtractFromHTML|ERR|Source URL Not Accessible/ has been changed
KL|2022-05-06 15:57:59.007267|ExtractFromHTML|ERR|Source URL Not Accessible/ has been changed
KL|2022-05-19 09:46:00.357131|ExtractFromHTML|ERR|Source URL Not Accessible/ has been changed
KL|2022-05-19 09:54:28.846315|ExtractFromPDF|ERR|Source PDF not present in input
KL|2022-05-19 10:00:13.965221|ExtractFromPDF|ERR|Source PDF not present in input
KL|2022-05-19 15:31:38.577112|ExtractFromPDF|OK|COMPLETED
