AP|2022-04-06 07:55:10.386160|GetSource|ERR|File Not Found
AP|2022-04-06 09:55:10.686433|GetSource|ERR|File Not Found
AP|2022-04-06 11:55:10.961127|GetSource|ERR|File Not Found
AP|2022-04-06 19:55:16.802711|GetSource|ERR|File Not Found
AP|2022-04-06 20:55:17.210805|GetSource|ERR|File Not Found
AP|2022-04-06 21:55:18.147043|GetSource|ERR|File Not Found
AP|2022-04-06 22:33:18.376463|GetSource|ERR|File Not Found
AP|2022-04-06 22:55:10.747060|GetSource|ERR|File Not Found
AP|2022-04-06 23:55:10.758871|GetSource|ERR|File Not Found
AP|2022-04-07 12:43:55.441402|GetSource|ERR|File Not Found
AP|2022-04-07 12:51:28.842635|GetSource|ERR|File Not Found
AP|2022-04-07 12:53:59.026746|GetSource|ERR|File Not Found
AP|2022-04-07 12:55:43.768227|GetSource|ERR|File Not Found
AP|2022-04-07 13:04:22.274577|GetSource|ERR|File Not Found
AP|2022-04-07 13:05:43.500629|GetSource|ERR|File Not Found
AP|2022-04-12 17:04:48.894216|GetSource|OK|File Downloaded. Source URL: https://hmfw.ap.gov.in/covid_dashboard.aspx
AP|2022-04-12 17:04:48.935188|ExtractFromHTML|ERR|Source URL Not Accessible/ has been changed
AP|2022-04-12 17:51:30.233029|ExtractFromHTML|ERR|Source URL Not Accessible/ has been changed
AP|2022-04-12 17:52:59.128660|ExtractFromHTML|ERR|Source URL Not Accessible/ has been changed
AP|2022-04-12 17:54:56.957187|ExtractFromHTML|ERR|Source URL Not Accessible/ has been changed
AP|2022-04-12 18:00:35.010173|ExtractFromHTML|ERR|Source URL Not Accessible/ has been changed
AP|2022-04-12 18:44:02.579891|ExtractFromHTML|ERR|Source URL Not Accessible/ has been changed
AP|2022-04-12 19:00:39.412820|ExtractFromHTML|ERR|Source URL Not Accessible/ has been changed
AP|2022-04-12 19:11:36.078525|ExtractFromHTML|ERR|Source URL Not Accessible/ has been changed
AP|2022-04-12 19:53:13.994957|ExtractFromHTML|ERR|Source URL Not Accessible/ has been changed
AP|2022-06-09 09:01:46.238746|ExtractFromHTML|ERR|Source URL Not Accessible/ has been changed
AP|2022-06-09 13:24:27.429258|ExtractFromPDF|ERR|Fatal error in main loop
AP|2022-06-09 13:24:54.088482|ExtractFromPDF|ERR|Fatal error in main loop
AP|2022-06-09 13:25:47.934949|ExtractFromPDF|ERR|Fatal error in main loop
AP|2022-06-09 13:26:12.558620|ExtractFromPDF|ERR|Fatal error in main loop
AP|2022-06-09 13:26:28.767866|ExtractFromPDF|ERR|Fatal error in main loop
AP|2022-06-14 15:47:45.669888|ExtractFromPDF|ERR|Fatal error in main loop
AP|2022-06-14 15:51:21.455397|ExtractFromPDF|ERR|Fatal error in main loop
AP|2022-06-14 16:16:36.558908|ExtractFromPDF|ERR|Fatal error in main loop
AP|2022-06-14 17:03:52.495180|ExtractFromPDF|ERR|Fatal error in main loop
AP|2022-06-14 17:04:55.967048|ExtractFromPDF|ERR|Fatal error in main loop
AP|2022-06-14 17:06:26.758871|ExtractFromPDF|ERR|Fatal error in main loop
AP|2022-06-14 17:16:40.965334|ExtractFromPDF|ERR|Fatal error in main loop
AP|2022-06-14 17:18:15.651353|ExtractFromPDF|ERR|Fatal error in main loop
AP|2022-06-14 17:20:24.325373|ExtractFromPDF|ERR|Fatal error in main loop
AP|2022-06-14 17:21:26.955696|ExtractFromPDF|ERR|Fatal error in main loop
AP|2022-06-14 17:24:12.325519|ExtractFromPDF|ERR|Fatal error in main loop
AP|2022-06-14 17:25:55.056546|ExtractFromPDF|ERR|Fatal error in main loop
AP|2022-06-14 17:27:11.101281|ExtractFromPDF|ERR|Fatal error in main loop
AP|2022-06-14 17:36:49.970446|ExtractFromPDF|ERR|Fatal error in main loop
AP|2022-06-14 17:38:01.448403|ExtractFromPDF|ERR|Fatal error in main loop
AP|2022-06-14 17:38:47.714073|ExtractFromPDF|ERR|Fatal error in main loop
AP|2022-06-14 17:40:28.936149|ExtractFromPDF|ERR|Fatal error in main loop
AP|2022-06-14 17:41:28.505194|ExtractFromPDF|ERR|Fatal error in main loop
AP|2022-06-14 17:42:05.516460|ExtractFromPDF|ERR|Fatal error in main loop
AP|2022-06-14 17:46:26.603814|ExtractFromPDF|ERR|Fatal error in main loop
AP|2022-06-14 17:48:00.895511|ExtractFromPDF|ERR|Fatal error in main loop
AP|2022-06-14 17:54:50.581492|ExtractFromPDF|ERR|Fatal error in main loop
AP|2022-06-14 17:58:11.706094|ExtractFromPDF|ERR|Fatal error in main loop
AP|2022-06-14 18:00:20.608621|ExtractFromPDF|ERR|Fatal error in main loop
AP|2022-06-14 18:01:11.483529|ExtractFromPDF|ERR|Fatal error in main loop
AP|2022-06-14 18:03:20.557667|ExtractFromPDF|ERR|Fatal error in main loop
AP|2022-06-14 18:03:58.601305|ExtractFromPDF|ERR|Fatal error in main loop
AP|2022-06-14 18:04:28.169336|ExtractFromPDF|ERR|Fatal error in main loop
AP|2022-06-14 18:05:22.955346|ExtractFromPDF|ERR|Fatal error in main loop
AP|2022-06-14 18:06:05.943447|ExtractFromPDF|ERR|Fatal error in main loop
AP|2022-06-14 18:06:25.946164|ExtractFromPDF|ERR|Fatal error in main loop
AP|2022-06-14 18:07:02.041606|ExtractFromPDF|ERR|Fatal error in main loop
AP|2022-06-14 18:08:26.827253|ExtractFromPDF|ERR|Fatal error in main loop
AP|2022-06-14 18:12:55.492862|ExtractFromPDF|ERR|Fatal error in main loop
AP|2022-06-14 18:17:27.399708|ExtractFromPDF|ERR|Fatal error in main loop
AP|2022-06-14 18:25:35.173794|ExtractFromPDF|ERR|Fatal error in main loop
AP|2022-06-14 19:09:17.127523|ExtractFromPDF|ERR|Fatal error in main loop
AP|2022-06-14 19:11:00.807211|ExtractFromPDF|ERR|Fatal error in main loop
AP|2022-06-14 19:21:00.177515|ExtractFromPDF|ERR|Fatal error in main loop
AP|2022-06-14 19:55:04.518919|ExtractFromPDF|ERR|Fatal error in main loop
AP|2022-06-14 20:55:04.526144|ExtractFromPDF|ERR|Fatal error in main loop
AP|2022-06-14 21:55:04.854668|ExtractFromPDF|ERR|Fatal error in main loop
AP|2022-06-14 22:55:04.958481|ExtractFromPDF|ERR|Fatal error in main loop
AP|2022-06-14 23:55:04.854311|ExtractFromPDF|ERR|Fatal error in main loop
AP|2022-06-15 07:55:04.367013|ExtractFromPDF|ERR|Fatal error in main loop
AP|2022-06-15 09:55:04.618882|ExtractFromPDF|ERR|Fatal error in main loop
AP|2022-06-15 10:15:37.933440|ExtractFromPDF|ERR|Fatal error in main loop
AP|2022-06-15 10:16:17.836381|ExtractFromPDF|ERR|Fatal error in main loop
AP|2022-06-15 10:16:52.830487|ExtractFromPDF|ERR|Fatal error in main loop
AP|2022-06-15 10:18:17.046318|ExtractFromPDF|ERR|Fatal error in main loop
AP|2022-06-15 10:18:34.988316|ExtractFromPDF|ERR|Fatal error in main loop
AP|2022-06-15 10:23:04.953383|ExtractFromPDF|ERR|Fatal error in main loop
AP|2022-06-15 10:23:28.038498|ExtractFromPDF|ERR|Fatal error in main loop
AP|2022-06-15 10:23:56.325023|ExtractFromPDF|ERR|Fatal error in main loop
AP|2022-06-15 10:25:09.341685|ExtractFromPDF|ERR|Fatal error in main loop
AP|2022-06-15 10:25:47.475292|ExtractFromPDF|ERR|Fatal error in main loop
AP|2022-06-15 10:27:06.249926|ExtractFromPDF|ERR|Fatal error in main loop
AP|2022-06-15 10:27:40.965793|ExtractFromPDF|ERR|Fatal error in main loop
AP|2022-06-15 10:36:38.550633|ExtractFromPDF|OK|COMPLETED
AP|2022-06-15 11:55:04.536618|ExtractFromPDF|ERR|Fatal error in main loop
