KL|2022-02-17 07:55:15.074228|GetSource|ERR|File Not Found
KL|2022-02-17 09:55:45.639328|GetSource|ERR|File Not Found
KL|2022-02-17 11:55:16.819904|GetSource|ERR|File Not Found
KL|2022-02-17 12:54:12.335793|GetSource|ERR|File Not Found
KL|2022-02-17 19:55:19.440708|GetSource|OK|File Downloaded. Source URL: https://dashboard.kerala.gov.in/covid/daily.php
KL|2022-02-17 19:55:47.854605|ExtractFromHTML|OK|COMPLETED
KL|2022-02-17 20:55:17.951229|GetSource|OK|File Downloaded. Source URL: https://dashboard.kerala.gov.in/covid/daily.php
KL|2022-02-17 20:55:47.779947|ExtractFromHTML|OK|COMPLETED
KL|2022-02-17 21:55:17.826815|GetSource|OK|File Downloaded. Source URL: https://dashboard.kerala.gov.in/covid/daily.php
KL|2022-02-17 21:55:55.546472|ExtractFromHTML|OK|COMPLETED
KL|2022-02-17 22:55:17.918219|GetSource|OK|File Downloaded. Source URL: https://dashboard.kerala.gov.in/covid/daily.php
KL|2022-02-17 22:55:41.722824|ExtractFromHTML|OK|COMPLETED
KL|2022-02-17 23:55:17.275201|GetSource|OK|File Downloaded. Source URL: https://dashboard.kerala.gov.in/covid/daily.php
KL|2022-02-17 23:55:41.777482|ExtractFromHTML|OK|COMPLETED
KL|2022-02-18 00:19:05.238318|GetSource|OK|File Downloaded. Source URL: https://dashboard.kerala.gov.in/covid/daily.php
KL|2022-02-18 00:19:26.459238|ExtractFromHTML|OK|COMPLETED
KL|2022-02-18 07:55:20.142764|GetSource|OK|File Downloaded. Source URL: https://dashboard.kerala.gov.in/covid/daily.php
KL|2022-02-18 07:55:46.098257|ExtractFromHTML|OK|COMPLETED
KL|2022-02-18 09:55:13.047410|GetSource|OK|File Downloaded. Source URL: https://dashboard.kerala.gov.in/covid/daily.php
KL|2022-02-18 09:55:38.168227|ExtractFromHTML|OK|COMPLETED
KL|2022-02-18 10:13:49.293290|GetSource|OK|File Downloaded. Source URL: https://dashboard.kerala.gov.in/covid/daily.php
KL|2022-02-18 11:55:16.799006|GetSource|OK|File Downloaded. Source URL: https://dashboard.kerala.gov.in/covid/daily.php
KL|2022-02-18 12:47:35.145806|GetSource|OK|File Downloaded. Source URL: https://dashboard.kerala.gov.in/covid/daily.php
KL|2022-02-18 19:57:25.393944|GetSource|OK|File Downloaded. Source URL: https://dashboard.kerala.gov.in/covid/daily.php
KL|2022-02-18 20:55:19.278333|GetSource|OK|File Downloaded. Source URL: https://dashboard.kerala.gov.in/covid/daily.php
KL|2022-02-18 21:55:20.221486|GetSource|OK|File Downloaded. Source URL: https://dashboard.kerala.gov.in/covid/daily.php
KL|2022-02-18 22:55:17.874869|GetSource|OK|File Downloaded. Source URL: https://dashboard.kerala.gov.in/covid/daily.php
KL|2022-02-18 23:55:16.881558|GetSource|OK|File Downloaded. Source URL: https://dashboard.kerala.gov.in/covid/daily.php
KL|2022-02-18 23:57:24.716184|GetSource|OK|File Downloaded. Source URL: https://dashboard.kerala.gov.in/covid/daily.php
KL|2022-02-19 00:09:11.762519|ExtractFromPDF|ERR|Fatal error in main loop
KL|2022-02-19 00:10:25.188463|ExtractFromPDF|ERR|Fatal error in main loop
KL|2022-02-19 00:11:16.210821|ExtractFromPDF|ERR|Fatal error in main loop
KL|2022-02-19 00:13:39.136611|ExtractFromPDF|ERR|Fatal error in main loop
KL|2022-02-19 00:14:22.545575|ExtractFromPDF|ERR|Fatal error in main loop
KL|2022-02-19 00:14:50.783664|ExtractFromPDF|OK|COMPLETED
KL|2022-02-19 00:15:48.953360|ExtractFromPDF|OK|COMPLETED
KL|2022-02-19 00:17:47.959186|ExtractFromPDF|ERR|Fatal error in main loop
