KL|2022-04-26 07:55:14.694762|GetSource|ERR|File Not Found
KL|2022-04-26 09:55:16.029135|GetSource|ERR|File Not Found
KL|2022-04-26 11:55:16.038022|GetSource|ERR|File Not Found
KL|2022-04-26 12:59:47.067181|GetSource|ERR|File Not Found
KL|2022-04-26 13:00:37.152733|GetSource|ERR|File Not Found
KL|2022-04-26 13:03:24.830380|GetSource|ERR|File Not Found
KL|2022-04-26 13:37:54.413354|GetSource|ERR|File Not Found
KL|2022-04-26 14:46:24.832850|GetSource|ERR|File Not Found
KL|2022-04-26 15:02:01.818257|GetSource|ERR|File Not Found
KL|2022-04-26 16:06:50.154358|GetSource|ERR|File Not Found
KL|2022-04-26 19:55:20.590886|GetSource|OK|File Downloaded. Source URL: https://dashboard.kerala.gov.in/covid/daily.php
KL|2022-04-26 19:55:56.256160|ExtractFromHTML|ERR|Source URL Not Accessible/ has been changed
KL|2022-04-26 20:55:17.651233|GetSource|OK|File Downloaded. Source URL: https://dashboard.kerala.gov.in/covid/daily.php
KL|2022-04-26 20:55:45.708636|ExtractFromHTML|ERR|Source URL Not Accessible/ has been changed
KL|2022-04-26 21:55:17.785841|GetSource|OK|File Downloaded. Source URL: https://dashboard.kerala.gov.in/covid/daily.php
KL|2022-04-26 21:56:20.468241|ExtractFromHTML|ERR|Source URL Not Accessible/ has been changed
KL|2022-04-26 22:55:18.103924|GetSource|OK|File Downloaded. Source URL: https://dashboard.kerala.gov.in/covid/daily.php
KL|2022-04-26 22:55:52.783092|ExtractFromHTML|ERR|Source URL Not Accessible/ has been changed
KL|2022-04-26 23:55:17.644565|GetSource|OK|File Downloaded. Source URL: https://dashboard.kerala.gov.in/covid/daily.php
KL|2022-04-26 23:55:46.052491|ExtractFromHTML|ERR|Source URL Not Accessible/ has been changed
KL|2022-04-27 07:55:16.831748|GetSource|OK|File Downloaded. Source URL: https://dashboard.kerala.gov.in/covid/daily.php
KL|2022-04-27 09:55:15.257471|GetSource|OK|File Downloaded. Source URL: https://dashboard.kerala.gov.in/covid/daily.php
KL|2022-04-27 11:55:21.411193|GetSource|OK|File Downloaded. Source URL: https://dashboard.kerala.gov.in/covid/daily.php
KL|2022-04-27 13:20:10.731648|ExtractFromHTML|ERR|Source URL Not Accessible/ has been changed
KL|2022-04-27 13:30:42.055047|ExtractFromHTML|ERR|Source URL Not Accessible/ has been changed
KL|2022-04-27 13:32:24.203871|ExtractFromHTML|ERR|Source URL Not Accessible/ has been changed
KL|2022-04-27 14:45:09.683963|GetSource|OK|File Downloaded. Source URL: https://dashboard.kerala.gov.in/covid/daily.php
KL|2022-04-27 14:46:51.331988|GetSource|OK|File Downloaded. Source URL: https://dashboard.kerala.gov.in/covid/daily.php
KL|2022-04-27 14:48:31.652680|GetSource|OK|File Downloaded. Source URL: https://dashboard.kerala.gov.in/covid/daily.php
KL|2022-04-27 14:49:19.225733|GetSource|OK|File Downloaded. Source URL: https://dashboard.kerala.gov.in/covid/daily.php
KL|2022-04-27 14:53:25.650579|GetSource|OK|File Downloaded. Source URL: https://dashboard.kerala.gov.in/covid/daily.php
KL|2022-04-27 16:11:58.227505|GetSource|OK|File Downloaded. Source URL: https://dashboard.kerala.gov.in/covid/daily.php
KL|2022-04-27 16:28:38.067321|GetSource|OK|File Downloaded. Source URL: https://dashboard.kerala.gov.in/covid/daily.php
KL|2022-04-27 19:57:24.542601|GetSource|OK|File Downloaded. Source URL: https://dashboard.kerala.gov.in/covid/daily.php
KL|2022-04-27 20:55:19.121247|GetSource|OK|File Downloaded. Source URL: https://dashboard.kerala.gov.in/covid/daily.php
KL|2022-04-27 21:55:20.874201|GetSource|OK|File Downloaded. Source URL: https://dashboard.kerala.gov.in/covid/daily.php
KL|2022-04-27 22:55:21.200033|GetSource|OK|File Downloaded. Source URL: https://dashboard.kerala.gov.in/covid/daily.php
KL|2022-05-06 17:05:14.552367|ExtractFromHTML|ERR|Source URL Not Accessible/ has been changed
KL|2022-05-07 00:27:31.106776|ExtractFromHTML|ERR|Source URL Not Accessible/ has been changed
KL|2022-05-07 12:09:01.648695|ExtractFromHTML|ERR|Source URL Not Accessible/ has been changed
KL|2022-05-19 09:46:13.966951|ExtractFromHTML|ERR|Source URL Not Accessible/ has been changed
KL|2022-05-19 09:54:48.707400|ExtractFromPDF|ERR|Source PDF not present in input
KL|2022-05-19 10:00:37.609104|ExtractFromPDF|ERR|Source PDF not present in input
KL|2022-05-19 15:32:01.172431|ExtractFromPDF|OK|COMPLETED
