TR|2021-12-19 00:23:01.681204|GetSource|ERR|File Not Found
TR|2021-12-19 04:23:15.847285|GetSource|ERR|File Not Found
TR|2021-12-19 07:55:24.381483|GetSource|ERR|File Not Found
TR|2021-12-19 08:23:22.869898|GetSource|ERR|File Not Found
TR|2021-12-19 09:55:24.183332|GetSource|ERR|File Not Found
TR|2021-12-19 10:51:55.968029|GetSource|ERR|File Not Found
TR|2021-12-19 11:55:25.564324|GetSource|ERR|File Not Found
TR|2021-12-19 12:01:14.532599|GetSource|ERR|File Not Found
TR|2021-12-19 12:23:30.647438|GetSource|ERR|File Not Found
TR|2021-12-19 16:25:53.288596|GetSource|ERR|Fatal Error in Main Loop
TR|2021-12-19 19:55:23.081083|GetSource|ERR|File Not Found
TR|2021-12-19 20:23:56.006501|GetSource|ERR|File Not Found
TR|2021-12-19 21:55:23.759801|GetSource|ERR|File Not Found
TR|2021-12-19 23:55:20.903503|GetSource|ERR|File Not Found
TR|2021-12-20 00:24:05.677492|GetSource|OK|File Downloaded. Source URL: https://covid19.tripura.gov.in/Visitor/ViewStatus.aspx
TR|2021-12-20 04:24:19.801681|GetSource|OK|File Downloaded. Source URL: https://covid19.tripura.gov.in/Visitor/ViewStatus.aspx
TR|2021-12-20 06:52:29.164142|GetSource|OK|File Downloaded. Source URL: https://covid19.tripura.gov.in/Visitor/ViewStatus.aspx
TR|2021-12-20 07:55:25.822923|GetSource|OK|File Downloaded. Source URL: https://covid19.tripura.gov.in/Visitor/ViewStatus.aspx
TR|2021-12-20 08:24:28.893841|GetSource|OK|File Downloaded. Source URL: https://covid19.tripura.gov.in/Visitor/ViewStatus.aspx
TR|2021-12-20 09:21:26.832998|GetSource|OK|File Downloaded. Source URL: https://covid19.tripura.gov.in/Visitor/ViewStatus.aspx
TR|2021-12-20 09:21:26.833151|GetSource|ERR|File Not Found
TR|2021-12-20 09:22:08.088002|ExtractFromHTML|ERR|Source URL Not Accessible/ has been changed
TR|2021-12-20 09:29:52.764468|GetSource|OK|File Downloaded. Source URL: https://covid19.tripura.gov.in/Visitor/ViewStatus.aspx
TR|2021-12-20 09:30:35.013110|ExtractFromHTML|ERR|Source URL Not Accessible/ has been changed
TR|2021-12-20 09:55:21.872766|GetSource|OK|File Downloaded. Source URL: https://covid19.tripura.gov.in/Visitor/ViewStatus.aspx
TR|2021-12-20 09:56:03.437236|ExtractFromHTML|ERR|Source URL Not Accessible/ has been changed
TR|2021-12-20 10:02:50.992832|GetSource|OK|File Downloaded. Source URL: https://covid19.tripura.gov.in/Visitor/ViewStatus.aspx
TR|2021-12-20 10:44:38.901346|GetSource|OK|File Downloaded. Source URL: https://covid19.tripura.gov.in/Visitor/ViewStatus.aspx
TR|2021-12-20 10:45:24.477405|ExtractFromHTML|ERR|Source URL Not Accessible/ has been changed
TR|2021-12-20 10:56:41.134990|GetSource|OK|File Downloaded. Source URL: https://covid19.tripura.gov.in/Visitor/ViewStatus.aspx
TR|2021-12-20 10:57:25.432649|ExtractFromHTML|OK|COMPLETED
TR|2021-12-20 11:55:32.126308|GetSource|OK|File Downloaded. Source URL: https://covid19.tripura.gov.in/Visitor/ViewStatus.aspx
TR|2021-12-20 11:56:16.916730|ExtractFromHTML|OK|COMPLETED
TR|2021-12-20 12:24:40.119152|GetSource|OK|File Downloaded. Source URL: https://covid19.tripura.gov.in/Visitor/ViewStatus.aspx
TR|2021-12-20 16:24:51.449946|GetSource|OK|File Downloaded. Source URL: https://covid19.tripura.gov.in/Visitor/ViewStatus.aspx
TR|2021-12-20 19:55:23.651942|GetSource|OK|File Downloaded. Source URL: https://covid19.tripura.gov.in/Visitor/ViewStatus.aspx
TR|2021-12-20 19:56:24.382768|ExtractFromHTML|OK|COMPLETED
TR|2021-12-20 20:42:22.833081|GetSource|OK|File Downloaded. Source URL: https://covid19.tripura.gov.in/Visitor/ViewStatus.aspx
TR|2021-12-20 21:55:23.286142|GetSource|OK|File Downloaded. Source URL: https://covid19.tripura.gov.in/Visitor/ViewStatus.aspx
TR|2021-12-20 23:08:29.321597|GetSource|OK|File Downloaded. Source URL: https://covid19.tripura.gov.in/Visitor/ViewStatus.aspx
TR|2021-12-20 23:55:23.785775|GetSource|OK|File Downloaded. Source URL: https://covid19.tripura.gov.in/Visitor/ViewStatus.aspx
TR|2022-01-22 01:46:21.500133|ExtractFromHTML|OK|COMPLETED
TR|2022-01-22 01:47:15.283982|ExtractFromHTML|OK|COMPLETED
