HR|2022-06-30 07:55:13.585388|GetSource|ERR|File Not Found
HR|2022-06-30 09:55:12.918975|GetSource|ERR|File Not Found
HR|2022-06-30 11:55:13.167885|GetSource|ERR|File Not Found
HR|2022-06-30 19:55:13.395521|GetSource|OK|File Downloaded. Source URL: http://nhmharyana.gov.in/WriteReadData/userfiles/file/CoronaVirus/Daily%20Bulletin%20of%20COVID%2019%20as%20on%2030-06-2022.pdf
HR|2022-06-30 19:55:35.600561|ExtractFromPDF|ERR|Source PDF not present in input
HR|2022-06-30 20:55:14.818146|GetSource|OK|File Downloaded. Source URL: http://nhmharyana.gov.in/WriteReadData/userfiles/file/CoronaVirus/Daily%20Bulletin%20of%20COVID%2019%20as%20on%2030-06-2022.pdf
HR|2022-06-30 20:55:44.812363|ExtractFromPDF|ERR|Source PDF not present in input
HR|2022-06-30 21:55:13.527836|GetSource|OK|File Downloaded. Source URL: http://nhmharyana.gov.in/WriteReadData/userfiles/file/CoronaVirus/Daily%20Bulletin%20of%20COVID%2019%20as%20on%2030-06-2022.pdf
HR|2022-06-30 21:55:51.777314|ExtractFromPDF|ERR|Source PDF not present in input
HR|2022-06-30 22:55:13.812767|GetSource|OK|File Downloaded. Source URL: http://nhmharyana.gov.in/WriteReadData/userfiles/file/CoronaVirus/Daily%20Bulletin%20of%20COVID%2019%20as%20on%2030-06-2022.pdf
HR|2022-06-30 22:55:50.375241|ExtractFromPDF|ERR|Source PDF not present in input
HR|2022-06-30 23:55:13.666308|GetSource|OK|File Downloaded. Source URL: http://nhmharyana.gov.in/WriteReadData/userfiles/file/CoronaVirus/Daily%20Bulletin%20of%20COVID%2019%20as%20on%2030-06-2022.pdf
HR|2022-06-30 23:55:46.762827|ExtractFromPDF|ERR|Source PDF not present in input
HR|2022-07-01 12:18:26.267948|ExtractFromPDF|ERR|Source PDF not present in input
HR|2022-07-01 12:21:05.836419|ExtractFromPDF|ERR|Source PDF not present in input
HR|2022-07-13 23:14:09.526171|ExtractFromPDF|ERR|Source PDF not present in input
HR|2022-07-13 23:19:11.114960|ExtractFromPDF|ERR|Source PDF not present in input
HR|2022-07-16 16:53:38.512487|ExtractFromPDF|OK|COMPLETED
HR|2022-07-18 14:36:30.193974|ExtractFromPDF|ERR|Fatal error in main loop
HR|2022-07-18 14:40:34.310392|ExtractFromPDF|ERR|Fatal error in main loop
HR|2022-07-18 14:42:20.098987|ExtractFromPDF|ERR|Fatal error in main loop
HR|2022-07-18 14:45:18.055489|ExtractFromPDF|ERR|Source PDF not present in input
HR|2022-07-18 14:46:13.724547|ExtractFromPDF|ERR|Fatal error in main loop
HR|2022-07-18 14:58:16.000523|ExtractFromPDF|ERR|Fatal error in main loop
HR|2022-07-18 14:59:23.508392|ExtractFromPDF|ERR|Fatal error in main loop
HR|2022-07-18 15:05:12.682605|ExtractFromPDF|ERR|Fatal error in main loop
HR|2022-07-18 15:07:57.527575|ExtractFromPDF|ERR|Fatal error in main loop
HR|2022-07-18 15:11:07.083556|ExtractFromPDF|ERR|Fatal error in main loop
HR|2022-07-18 15:11:38.470160|ExtractFromPDF|ERR|Fatal error in main loop
HR|2022-07-18 15:12:47.691893|ExtractFromPDF|ERR|Fatal error in main loop
HR|2022-07-18 15:14:40.655478|ExtractFromPDF|ERR|Fatal error in main loop
HR|2022-07-18 15:16:36.701650|ExtractFromPDF|ERR|Fatal error in main loop
HR|2022-07-18 17:28:47.347741|ExtractFromPDF|ERR|Fatal error in main loop
HR|2022-07-18 17:32:32.541682|ExtractFromPDF|ERR|Fatal error in main loop
HR|2022-07-18 17:33:26.201703|ExtractFromPDF|ERR|Fatal error in main loop
HR|2022-07-18 17:34:10.983398|ExtractFromPDF|ERR|Fatal error in main loop
HR|2022-07-18 17:36:58.612021|ExtractFromPDF|ERR|Fatal error in main loop
HR|2022-07-18 17:38:39.358178|ExtractFromPDF|ERR|Fatal error in main loop
HR|2022-07-18 17:40:06.579292|ExtractFromPDF|ERR|Fatal error in main loop
HR|2022-07-18 17:47:00.669076|ExtractFromPDF|ERR|Fatal error in main loop
HR|2022-07-18 17:58:54.136967|ExtractFromPDF|OK|COMPLETED
HR|2022-07-18 19:50:13.513467|ExtractFromPDF|OK|COMPLETED
