KL|2022-04-30 07:55:15.532737|GetSource|ERR|File Not Found
KL|2022-04-30 09:55:14.501367|GetSource|ERR|File Not Found
KL|2022-04-30 11:55:16.926598|GetSource|ERR|File Not Found
KL|2022-04-30 19:55:16.148496|GetSource|OK|File Downloaded. Source URL: https://dashboard.kerala.gov.in/covid/daily.php
KL|2022-04-30 19:55:49.099386|ExtractFromHTML|ERR|Source URL Not Accessible/ has been changed
KL|2022-04-30 20:55:19.026181|GetSource|OK|File Downloaded. Source URL: https://dashboard.kerala.gov.in/covid/daily.php
KL|2022-04-30 20:55:49.486893|ExtractFromHTML|ERR|Source URL Not Accessible/ has been changed
KL|2022-04-30 21:55:18.453302|GetSource|OK|File Downloaded. Source URL: https://dashboard.kerala.gov.in/covid/daily.php
KL|2022-04-30 21:55:39.907115|ExtractFromHTML|ERR|Source URL Not Accessible/ has been changed
KL|2022-04-30 22:55:17.721388|GetSource|OK|File Downloaded. Source URL: https://dashboard.kerala.gov.in/covid/daily.php
KL|2022-04-30 22:55:40.762601|ExtractFromHTML|ERR|Source URL Not Accessible/ has been changed
KL|2022-04-30 23:55:19.075423|GetSource|OK|File Downloaded. Source URL: https://dashboard.kerala.gov.in/covid/daily.php
KL|2022-04-30 23:55:41.181113|ExtractFromHTML|ERR|Source URL Not Accessible/ has been changed
KL|2022-05-01 07:55:14.986633|GetSource|OK|File Downloaded. Source URL: https://dashboard.kerala.gov.in/covid/daily.php
KL|2022-05-01 09:55:13.877201|GetSource|OK|File Downloaded. Source URL: https://dashboard.kerala.gov.in/covid/daily.php
KL|2022-05-01 11:55:16.401612|GetSource|OK|File Downloaded. Source URL: https://dashboard.kerala.gov.in/covid/daily.php
KL|2022-05-01 11:58:54.824108|ExtractFromHTML|ERR|Source URL Not Accessible/ has been changed
KL|2022-05-01 15:46:00.648084|ExtractFromHTML|ERR|Source URL Not Accessible/ has been changed
KL|2022-05-01 15:49:33.176602|ExtractFromHTML|ERR|Source URL Not Accessible/ has been changed
KL|2022-05-01 19:55:17.592511|GetSource|OK|File Downloaded. Source URL: https://dashboard.kerala.gov.in/covid/daily.php
KL|2022-05-01 20:55:17.567566|GetSource|OK|File Downloaded. Source URL: https://dashboard.kerala.gov.in/covid/daily.php
KL|2022-05-01 21:55:17.813056|GetSource|OK|File Downloaded. Source URL: https://dashboard.kerala.gov.in/covid/daily.php
KL|2022-05-01 22:55:17.495281|GetSource|OK|File Downloaded. Source URL: https://dashboard.kerala.gov.in/covid/daily.php
KL|2022-05-01 23:55:18.568181|GetSource|OK|File Downloaded. Source URL: https://dashboard.kerala.gov.in/covid/daily.php
KL|2022-05-02 07:55:14.566090|GetSource|OK|File Downloaded. Source URL: https://dashboard.kerala.gov.in/covid/daily.php
KL|2022-05-02 09:55:15.096526|GetSource|OK|File Downloaded. Source URL: https://dashboard.kerala.gov.in/covid/daily.php
KL|2022-05-02 11:55:44.849680|GetSource|OK|File Downloaded. Source URL: https://dashboard.kerala.gov.in/covid/daily.php
KL|2022-05-02 12:14:08.261112|ExtractFromHTML|ERR|Source URL Not Accessible/ has been changed
KL|2022-05-02 12:17:59.260750|GetSource|OK|File Downloaded. Source URL: https://dashboard.kerala.gov.in/covid/daily.php
KL|2022-05-02 12:20:34.524183|GetSource|OK|File Downloaded. Source URL: https://dashboard.kerala.gov.in/covid/daily.php
KL|2022-05-02 12:25:43.542417|GetSource|OK|File Downloaded. Source URL: https://dashboard.kerala.gov.in/covid/daily.php
KL|2022-05-02 12:38:28.668449|ExtractFromHTML|ERR|Source URL Not Accessible/ has been changed
KL|2022-05-02 13:43:44.429107|GetSource|OK|File Downloaded. Source URL: https://dashboard.kerala.gov.in/covid/daily.php
KL|2022-05-02 13:53:54.017745|GetSource|OK|File Downloaded. Source URL: https://dashboard.kerala.gov.in/covid/daily.php
KL|2022-05-02 18:44:42.953080|GetSource|OK|File Downloaded. Source URL: https://dashboard.kerala.gov.in/covid/daily.php
KL|2022-05-02 19:55:19.589049|GetSource|OK|File Downloaded. Source URL: https://dashboard.kerala.gov.in/covid/daily.php
KL|2022-05-02 20:55:19.632122|GetSource|OK|File Downloaded. Source URL: https://dashboard.kerala.gov.in/covid/daily.php
KL|2022-05-02 21:06:09.348477|GetSource|OK|File Downloaded. Source URL: https://dashboard.kerala.gov.in/covid/daily.php
KL|2022-05-06 17:07:44.438961|ExtractFromHTML|ERR|Source URL Not Accessible/ has been changed
KL|2022-05-07 00:28:47.936751|ExtractFromHTML|ERR|Source URL Not Accessible/ has been changed
KL|2022-05-07 00:37:00.290875|ExtractFromHTML|ERR|Source URL Not Accessible/ has been changed
KL|2022-05-07 00:37:47.476756|ExtractFromHTML|ERR|Source URL Not Accessible/ has been changed
KL|2022-05-07 12:10:16.696452|ExtractFromHTML|ERR|Source URL Not Accessible/ has been changed
KL|2022-05-19 09:46:22.727506|ExtractFromHTML|ERR|Source URL Not Accessible/ has been changed
KL|2022-05-19 09:55:12.195518|ExtractFromPDF|ERR|Source PDF not present in input
KL|2022-05-19 10:01:02.009683|ExtractFromPDF|ERR|Source PDF not present in input
KL|2022-05-19 15:32:24.159799|ExtractFromPDF|OK|COMPLETED
