UT|2022-02-12 07:55:23.915231|GetSource|ERR|File Not Found
UT|2022-02-12 09:55:22.853698|GetSource|ERR|File Not Found
UT|2022-02-12 11:48:06.791530|GetSource|ERR|File Not Found
UT|2022-02-12 11:55:42.161535|GetSource|ERR|File Not Found
UT|2022-02-12 12:04:22.356747|GetSource|ERR|File Not Found
UT|2022-02-12 13:10:22.193035|GetSource|ERR|File Not Found
UT|2022-02-12 19:55:27.640469|GetSource|ERR|File Not Found
UT|2022-02-12 21:04:04.565652|GetSource|ERR|File Not Found
UT|2022-02-12 21:55:27.003977|GetSource|ERR|File Not Found
UT|2022-02-12 23:02:25.331824|GetSource|ERR|File Not Found
UT|2022-02-12 23:07:30.233890|GetSource|ERR|File Not Found
UT|2022-02-12 23:09:57.813951|GetSource|ERR|File Not Found
UT|2022-02-12 23:55:26.692482|GetSource|ERR|File Not Found
UT|2022-02-13 12:46:18.743972|GetSource|ERR|File Not Found
UT|2022-02-13 12:52:09.212545|GetSource|ERR|File Not Found
UT|2022-02-13 12:55:33.939040|GetSource|ERR|File Not Found
UT|2022-02-13 12:58:55.810766|GetSource|ERR|File Not Found
UT|2022-02-13 18:58:45.435888|GetSource|ERR|File Not Found
UT|2022-02-13 19:04:56.064979|GetSource|ERR|File Not Found
UT|2022-02-13 19:27:37.883542|GetSource|ERR|File Not Found
UT|2022-02-13 19:31:47.320862|GetSource|ERR|File Not Found
UT|2022-02-13 19:41:56.785228|GetSource|ERR|File Not Found
UT|2022-02-14 13:00:05.278991|GetSource|ERR|File Not Found
UT|2022-02-17 00:08:20.172682|GetSource|OK|File Downloaded. Source URL: https://health.uk.gov.in/files/2022.02.12_Health_Bulletin.pdf
UT|2022-02-17 00:08:44.275622|GetSource|OK|File Downloaded. Source URL: https://health.uk.gov.in/files/2022.02.12_Health_Bulletin.pdf
UT|2022-02-17 00:09:07.519230|GetSource|OK|File Downloaded. Source URL: https://health.uk.gov.in/files/2022.02.12_Health_Bulletin.pdf
UT|2022-02-17 00:15:01.443026|ExtractFromPDF|ERR|Source PDF not present in input
UT|2022-02-17 00:15:51.094341|ExtractFromPDF|ERR|Source PDF not present in input
UT|2022-02-17 00:16:39.295798|ExtractFromPDF|ERR|Source PDF not present in input
UT|2022-02-17 00:36:54.344955|ExtractFromPDF|OK|COMPLETED
UT|2022-02-17 00:37:51.719815|ExtractFromPDF|OK|COMPLETED
UT|2022-02-17 00:38:34.852416|ExtractFromPDF|ERR|Fatal error in main loop
