KL|2022-01-01 04:38:32.861718|GetSource|ERR|File Not Found
KL|2022-01-01 07:55:15.231705|GetSource|ERR|File Not Found
KL|2022-01-01 08:38:45.022090|GetSource|ERR|File Not Found
KL|2022-01-01 09:55:13.405772|GetSource|ERR|File Not Found
KL|2022-01-01 11:55:15.503085|GetSource|ERR|File Not Found
KL|2022-01-01 12:11:05.533292|GetSource|ERR|File Not Found
KL|2022-01-01 19:55:19.680381|GetSource|OK|File Downloaded. Source URL: https://dashboard.kerala.gov.in/covid/daily.php
KL|2022-01-01 19:56:06.145310|ExtractFromHTML|OK|COMPLETED
KL|2022-01-01 20:39:22.820197|GetSource|OK|File Downloaded. Source URL: https://dashboard.kerala.gov.in/covid/daily.php
KL|2022-01-01 20:39:56.758229|ExtractFromHTML|OK|COMPLETED
KL|2022-01-01 21:55:17.488521|GetSource|OK|File Downloaded. Source URL: https://dashboard.kerala.gov.in/covid/daily.php
KL|2022-01-01 21:56:29.758278|ExtractFromHTML|OK|COMPLETED
KL|2022-01-01 22:45:23.938334|GetSource|OK|File Downloaded. Source URL: https://dashboard.kerala.gov.in/covid/daily.php
KL|2022-01-01 22:46:06.777283|ExtractFromHTML|OK|COMPLETED
KL|2022-01-01 23:55:16.869826|GetSource|OK|File Downloaded. Source URL: https://dashboard.kerala.gov.in/covid/daily.php
KL|2022-01-01 23:56:01.974091|ExtractFromHTML|OK|COMPLETED
KL|2022-01-02 00:39:33.547903|GetSource|OK|File Downloaded. Source URL: https://dashboard.kerala.gov.in/covid/daily.php
KL|2022-01-02 07:55:16.421548|GetSource|OK|File Downloaded. Source URL: https://dashboard.kerala.gov.in/covid/daily.php
KL|2022-01-02 09:55:14.832857|GetSource|OK|File Downloaded. Source URL: https://dashboard.kerala.gov.in/covid/daily.php
KL|2022-01-02 10:45:46.603851|GetSource|OK|File Downloaded. Source URL: https://dashboard.kerala.gov.in/covid/daily.php
KL|2022-01-02 11:55:16.095235|GetSource|OK|File Downloaded. Source URL: https://dashboard.kerala.gov.in/covid/daily.php
KL|2022-01-02 12:40:08.993768|GetSource|OK|File Downloaded. Source URL: https://dashboard.kerala.gov.in/covid/daily.php
KL|2022-01-02 16:40:20.415091|GetSource|OK|File Downloaded. Source URL: https://dashboard.kerala.gov.in/covid/daily.php
KL|2022-01-02 19:55:17.907222|GetSource|OK|File Downloaded. Source URL: https://dashboard.kerala.gov.in/covid/daily.php
KL|2022-04-06 13:02:52.727635|ExtractFromHTML|OK|COMPLETED
KL|2022-04-06 13:03:22.652025|ExtractFromPDF|ERR|Fatal error in main loop
KL|2022-04-06 13:05:23.377603|ExtractFromPDF|ERR|Fatal error in main loop
KL|2022-04-06 13:05:58.763240|ExtractFromPDF|ERR|Fatal error in main loop
KL|2022-04-06 22:45:21.310392|ExtractFromPDF|ERR|Fatal error in main loop
KL|2022-04-06 22:47:50.681272|ExtractFromPDF|OK|COMPLETED
