KA|2022-04-18 07:55:12.164588|GetSource|ERR|File Not Found
KA|2022-04-18 07:55:12.164927|GetSource|ERR|File Not Found
KA|2022-04-18 07:55:12.165012|GetSource|ERR|File Not Found
KA|2022-04-18 07:55:12.165085|GetSource|ERR|File Not Found
KA|2022-04-18 07:55:12.165152|GetSource|ERR|File Not Found
KA|2022-04-18 07:55:12.165211|GetSource|ERR|File Not Found
KA|2022-04-18 07:55:12.165270|GetSource|ERR|File Not Found
KA|2022-04-18 09:55:12.773271|GetSource|ERR|File Not Found
KA|2022-04-18 09:55:12.773598|GetSource|ERR|File Not Found
KA|2022-04-18 09:55:12.773679|GetSource|ERR|File Not Found
KA|2022-04-18 09:55:12.773744|GetSource|ERR|File Not Found
KA|2022-04-18 09:55:12.773806|GetSource|ERR|File Not Found
KA|2022-04-18 09:55:12.773865|GetSource|ERR|File Not Found
KA|2022-04-18 09:55:12.773922|GetSource|ERR|File Not Found
KA|2022-04-18 11:55:13.315060|GetSource|ERR|File Not Found
KA|2022-04-18 11:55:13.315339|GetSource|ERR|File Not Found
KA|2022-04-18 11:55:13.315450|GetSource|ERR|File Not Found
KA|2022-04-18 11:55:13.315524|GetSource|ERR|File Not Found
KA|2022-04-18 11:55:13.315586|GetSource|ERR|File Not Found
KA|2022-04-18 11:55:13.315644|GetSource|ERR|File Not Found
KA|2022-04-18 11:55:13.315700|GetSource|ERR|File Not Found
KA|2022-04-18 19:55:16.081200|GetSource|OK|File Downloaded. Source URL: https://drive.google.com/file/d/14c4tOl8Ldjw8JsPw-4fOc-dbW0W0f3dO/view
KA|2022-04-18 19:55:38.771083|ExtractFromPDF|ERR|Source PDF not present in input
KA|2022-04-18 20:55:16.991974|GetSource|OK|File Downloaded. Source URL: https://drive.google.com/file/d/14c4tOl8Ldjw8JsPw-4fOc-dbW0W0f3dO/view
KA|2022-04-18 20:55:49.950885|ExtractFromPDF|ERR|Source PDF not present in input
KA|2022-04-18 21:07:42.993225|GetSource|OK|File Downloaded. Source URL: https://drive.google.com/file/d/14c4tOl8Ldjw8JsPw-4fOc-dbW0W0f3dO/view
KA|2022-04-18 21:08:06.560540|ExtractFromPDF|ERR|Fatal error in main loop
KA|2022-04-18 21:55:16.362111|GetSource|OK|File Downloaded. Source URL: https://drive.google.com/file/d/14c4tOl8Ldjw8JsPw-4fOc-dbW0W0f3dO/view
KA|2022-04-18 21:55:47.492264|ExtractFromPDF|ERR|Fatal error in main loop
KA|2022-04-18 22:55:15.682173|GetSource|OK|File Downloaded. Source URL: https://drive.google.com/file/d/14c4tOl8Ldjw8JsPw-4fOc-dbW0W0f3dO/view
KA|2022-04-18 22:55:43.752312|ExtractFromPDF|ERR|Fatal error in main loop
KA|2022-04-18 23:55:16.774197|GetSource|OK|File Downloaded. Source URL: https://drive.google.com/file/d/14c4tOl8Ldjw8JsPw-4fOc-dbW0W0f3dO/view
KA|2022-04-18 23:55:38.560621|ExtractFromPDF|ERR|Fatal error in main loop
KA|2022-04-19 10:25:28.000972|GetSource|OK|File Downloaded. Source URL: https://drive.google.com/file/d/14c4tOl8Ldjw8JsPw-4fOc-dbW0W0f3dO/view
KA|2022-04-19 10:25:51.551093|ExtractFromPDF|ERR|Fatal error in main loop
KA|2022-04-19 10:46:30.877501|ExtractFromPDF|ERR|Fatal error in main loop
KA|2022-04-19 10:48:31.336459|ExtractFromPDF|OK|COMPLETED
