UT|2022-02-10 07:55:25.663947|GetSource|ERR|File Not Found
UT|2022-02-10 09:55:23.015270|GetSource|ERR|File Not Found
UT|2022-02-10 10:48:43.284343|GetSource|ERR|File Not Found
UT|2022-02-10 10:49:35.931877|GetSource|ERR|File Not Found
UT|2022-02-10 11:55:25.535289|GetSource|ERR|File Not Found
UT|2022-02-10 19:55:26.066638|GetSource|ERR|File Not Found
UT|2022-02-10 20:55:27.521641|GetSource|ERR|File Not Found
UT|2022-02-10 21:55:27.390164|GetSource|ERR|File Not Found
UT|2022-02-10 22:55:30.450543|GetSource|ERR|File Not Found
UT|2022-02-10 23:55:32.558244|GetSource|ERR|File Not Found
UT|2022-02-11 12:35:35.943560|ExtractFromPDF|OK|COMPLETED
UT|2022-02-17 00:06:47.150332|ExtractFromPDF|ERR|Source PDF not present in input
UT|2022-02-17 00:08:19.112600|GetSource|OK|File Downloaded. Source URL: https://health.uk.gov.in/files/2022.02.10_Health_Bulletin.pdf
UT|2022-02-17 00:08:43.358837|GetSource|OK|File Downloaded. Source URL: https://health.uk.gov.in/files/2022.02.10_Health_Bulletin.pdf
UT|2022-02-17 00:09:06.498660|GetSource|OK|File Downloaded. Source URL: https://health.uk.gov.in/files/2022.02.10_Health_Bulletin.pdf
UT|2022-02-17 00:14:58.106319|ExtractFromPDF|ERR|Source PDF not present in input
UT|2022-02-17 00:15:47.642787|ExtractFromPDF|ERR|Source PDF not present in input
UT|2022-02-17 00:16:36.007459|ExtractFromPDF|ERR|Source PDF not present in input
UT|2022-02-17 00:36:46.733376|ExtractFromPDF|OK|COMPLETED
UT|2022-02-17 00:37:44.076857|ExtractFromPDF|OK|COMPLETED
UT|2022-02-17 00:38:34.593599|ExtractFromPDF|ERR|Fatal error in main loop
